#
# There is insufficient memory for the Java Runtime Environment to continue.
# Native memory allocation (mmap) failed to map 84934656 bytes for Failed to commit area from 0x0000000098900000 to 0x000000009da00000 of length 84934656.
# Possible reasons:
#   The system is out of physical RAM or swap space
#   The process is running with CompressedOops enabled, and the Java Heap may be blocking the growth of the native heap
# Possible solutions:
#   Reduce memory load on the system
#   Increase physical memory or swap space
#   Check if swap backing store is full
#   Decrease Java heap size (-Xmx/-Xms)
#   Decrease number of Java threads
#   Decrease Java thread stack sizes (-Xss)
#   Set larger code cache with -XX:ReservedCodeCacheSize=
#   JVM is running with Unscaled Compressed Oops mode in which the Java heap is
#     placed in the first 4GB address space. The Java Heap base address is the
#     maximum limit for the native heap growth. Please use -XX:HeapBaseMinAddress
#     to set the Java Heap base and to place the Java Heap above 4GB virtual address.
# This output file may be truncated or incomplete.
#
#  Out of Memory Error (./src/hotspot/os/windows/os_windows.cpp:3301), pid=10704, tid=18340
#
# JRE version: OpenJDK Runtime Environment (11.0.10) (build 11.0.10+0-b96-7249189)
# Java VM: OpenJDK 64-Bit Server VM (11.0.10+0-b96-7249189, mixed mode, tiered, compressed oops, g1 gc, windows-amd64)
# No core dump will be written. Minidumps are not enabled by default on client versions of Windows
#

---------------  S U M M A R Y ------------

Command Line: --add-opens=java.base/java.util=ALL-UNNAMED --add-opens=java.base/java.lang=ALL-UNNAMED --add-opens=java.base/java.lang.invoke=ALL-UNNAMED --add-opens=java.base/java.util=ALL-UNNAMED --add-opens=java.prefs/java.util.prefs=ALL-UNNAMED --add-opens=java.prefs/java.util.prefs=ALL-UNNAMED --add-opens=java.base/java.nio.charset=ALL-UNNAMED --add-opens=java.base/java.net=ALL-UNNAMED --add-opens=java.base/java.util.concurrent.atomic=ALL-UNNAMED -Xmx2048m -Dfile.encoding=UTF-8 -Duser.country=RU -Duser.language=ru -Duser.variant org.gradle.launcher.daemon.bootstrap.GradleDaemon 7.0.2

Host: Intel(R) Core(TM) i5-6200U CPU @ 2.30GHz, 4 cores, 3G,  Windows 10 , 64 bit Build 19041 (10.0.19041.1806)
Time: Mon Aug  1 21:26:52 2022 RTZ 3 (зима) elapsed time: 2880.312108 seconds (0d 0h 48m 0s)

---------------  T H R E A D  ---------------

Current thread (0x000001f0a1e55800):  VMThread "VM Thread" [stack: 0x000000635de00000,0x000000635df00000] [id=18340]

Stack: [0x000000635de00000,0x000000635df00000]
[error occurred during error reporting (printing stack bounds), id 0xc0000005, EXCEPTION_ACCESS_VIOLATION (0xc0000005) at pc=0x000001f08bdb0f2d]

Native frames: (J=compiled Java code, j=interpreted, Vv=VM code, C=native code)
V  [jvm.dll+0x5ecfaa]
V  [jvm.dll+0x722bd5]
V  [jvm.dll+0x72412d]
V  [jvm.dll+0x724745]
V  [jvm.dll+0x7246fb]
V  [jvm.dll+0x5ec348]
V  [jvm.dll+0x5ecad8]
C  [ntdll.dll+0xa229f]
C  [ntdll.dll+0x51454]
C  [ntdll.dll+0xa0dce]
C  0x000001f08bdb0f2d

VM_Operation (0x0000006360ef9100): G1CollectForAllocation, mode: safepoint, requested by thread 0x000001f0b27da800


---------------  P R O C E S S  ---------------

Threads class SMR info:
_java_thread_list=0x000001f0a9bd2f50, length=56, elements={
0x000001f0882bb000, 0x000001f0a1e58800, 0x000001f0a1e5a000, 0x000001f0a1e78800,
0x000001f0a1e79800, 0x000001f0a1e7a800, 0x000001f0a1ecd800, 0x000001f0a1ece800,
0x000001f0a1ed4000, 0x000001f0a2976000, 0x000001f0a3f03800, 0x000001f0a5190800,
0x000001f0a5191800, 0x000001f0a5dcd000, 0x000001f0a5dca000, 0x000001f0a5dc8000,
0x000001f0a5dc9000, 0x000001f0a5dce800, 0x000001f0a653f000, 0x000001f0a6543800,
0x000001f0a653e000, 0x000001f0a6544800, 0x000001f0a6543000, 0x000001f0a6549800,
0x000001f0a654a800, 0x000001f0a6726800, 0x000001f0a6726000, 0x000001f0a6722800,
0x000001f0a6721000, 0x000001f0a672b800, 0x000001f0a99b8000, 0x000001f0a99b7000,
0x000001f0a99b5800, 0x000001f0a99b6000, 0x000001f0a99b8800, 0x000001f0a99b9800,
0x000001f0a99b4800, 0x000001f0b27d0000, 0x000001f0b27d6800, 0x000001f0b27d1800,
0x000001f0b27d5800, 0x000001f0b27d8000, 0x000001f0b27d2800, 0x000001f0b27d4000,
0x000001f0b27d7800, 0x000001f0b27d9000, 0x000001f0b27d3800, 0x000001f0b27da000,
0x000001f0b27db800, 0x000001f0b27dd000, 0x000001f0b27da800, 0x000001f0b27de000,
0x000001f0a6724000, 0x000001f0a6720000, 0x000001f0a6727800, 0x000001f0a6725000
}

Java Threads: ( => current thread )
  0x000001f0882bb000 JavaThread "main" [_thread_blocked, id=12700, stack(0x000000635d800000,0x000000635d900000)]
  0x000001f0a1e58800 JavaThread "Reference Handler" daemon [_thread_blocked, id=15668, stack(0x000000635df00000,0x000000635e000000)]
  0x000001f0a1e5a000 JavaThread "Finalizer" daemon [_thread_blocked, id=7212, stack(0x000000635e000000,0x000000635e100000)]
  0x000001f0a1e78800 JavaThread "Signal Dispatcher" daemon [_thread_blocked, id=15656, stack(0x000000635e100000,0x000000635e200000)]
  0x000001f0a1e79800 JavaThread "Attach Listener" daemon [_thread_blocked, id=16592, stack(0x000000635e200000,0x000000635e300000)]
  0x000001f0a1e7a800 JavaThread "Service Thread" daemon [_thread_blocked, id=12464, stack(0x000000635e300000,0x000000635e400000)]
  0x000001f0a1ecd800 JavaThread "C2 CompilerThread0" daemon [_thread_blocked, id=14168, stack(0x000000635e400000,0x000000635e500000)]
  0x000001f0a1ece800 JavaThread "C1 CompilerThread0" daemon [_thread_blocked, id=12892, stack(0x000000635e500000,0x000000635e600000)]
  0x000001f0a1ed4000 JavaThread "Sweeper thread" daemon [_thread_blocked, id=6744, stack(0x000000635e600000,0x000000635e700000)]
  0x000001f0a2976000 JavaThread "Common-Cleaner" daemon [_thread_blocked, id=16132, stack(0x000000635e700000,0x000000635e800000)]
  0x000001f0a3f03800 JavaThread "Daemon health stats" [_thread_blocked, id=13956, stack(0x000000635eb00000,0x000000635ec00000)]
  0x000001f0a5190800 JavaThread "Incoming local TCP Connector on port 53705" [_thread_in_native, id=10212, stack(0x000000635e900000,0x000000635ea00000)]
  0x000001f0a5191800 JavaThread "Daemon periodic checks" [_thread_blocked, id=5268, stack(0x000000635ee00000,0x000000635ef00000)]
  0x000001f0a5dcd000 JavaThread "Cache worker for file hash cache (C:\Users\dushk\.gradle\caches\7.0.2\fileHashes)" [_thread_blocked, id=9008, stack(0x000000635f300000,0x000000635f400000)]
  0x000001f0a5dca000 JavaThread "File lock request listener" [_thread_in_native, id=7060, stack(0x000000635f700000,0x000000635f800000)]
  0x000001f0a5dc8000 JavaThread "Cache worker for journal cache (C:\Users\dushk\.gradle\caches\journal-1)" [_thread_blocked, id=4220, stack(0x000000635f800000,0x000000635f900000)]
  0x000001f0a5dc9000 JavaThread "File watcher server" daemon [_thread_blocked, id=5908, stack(0x000000635fb00000,0x000000635fc00000)]
  0x000001f0a5dce800 JavaThread "File watcher consumer" daemon [_thread_blocked, id=1020, stack(0x000000635fc00000,0x000000635fd00000)]
  0x000001f0a653f000 JavaThread "Cache worker for execution history cache (C:\Users\dushk\.gradle\caches\7.0.2\executionHistory)" [_thread_blocked, id=796, stack(0x0000006360000000,0x0000006360100000)]
  0x000001f0a6543800 JavaThread "jar transforms" [_thread_blocked, id=19164, stack(0x0000006360100000,0x0000006360200000)]
  0x000001f0a653e000 JavaThread "jar transforms Thread 2" [_thread_blocked, id=10640, stack(0x0000006360200000,0x0000006360300000)]
  0x000001f0a6544800 JavaThread "Cache worker for file content cache (C:\Users\dushk\.gradle\caches\7.0.2\fileContent)" [_thread_blocked, id=16340, stack(0x0000006360300000,0x0000006360400000)]
  0x000001f0a6543000 JavaThread "jar transforms Thread 3" [_thread_blocked, id=11808, stack(0x0000006360500000,0x0000006360600000)]
  0x000001f0a6549800 JavaThread "jar transforms Thread 4" [_thread_blocked, id=1724, stack(0x0000006360b00000,0x0000006360c00000)]
  0x000001f0a654a800 JavaThread "Memory manager" [_thread_blocked, id=16808, stack(0x000000635f900000,0x000000635fa00000)]
  0x000001f0a6726800 JavaThread "RMI Scheduler(0)" daemon [_thread_blocked, id=12576, stack(0x0000006360c00000,0x0000006360d00000)]
  0x000001f0a6726000 JavaThread "RMI GC Daemon" daemon [_thread_blocked, id=656, stack(0x0000006361500000,0x0000006361600000)]
  0x000001f0a6722800 JavaThread "RMI TCP Accept-0" daemon [_thread_in_native, id=8464, stack(0x0000006361600000,0x0000006361700000)]
  0x000001f0a6721000 JavaThread "RMI Reaper" [_thread_blocked, id=12268, stack(0x0000006361700000,0x0000006361800000)]
  0x000001f0a672b800 JavaThread "Cache worker for Java compile cache (C:\Users\dushk\.gradle\caches\7.0.2\javaCompile)" [_thread_blocked, id=5608, stack(0x000000635d700000,0x000000635d800000)]
  0x000001f0a99b8000 JavaThread "ForkJoinPool.commonPool-worker-1" daemon [_thread_blocked, id=17468, stack(0x0000006361900000,0x0000006361a00000)]
  0x000001f0a99b7000 JavaThread "Daemon Thread 7" [_thread_blocked, id=8096, stack(0x000000635d500000,0x000000635d600000)]
  0x000001f0a99b5800 JavaThread "Handler for socket connection from /127.0.0.1:53705 to /127.0.0.1:54944" [_thread_in_native, id=6004, stack(0x000000635d600000,0x000000635d700000)]
  0x000001f0a99b6000 JavaThread "Cancel handler" [_thread_blocked, id=16056, stack(0x000000635ef00000,0x000000635f000000)]
  0x000001f0a99b8800 JavaThread "Daemon worker Thread 7" [_thread_blocked, id=11788, stack(0x000000635f000000,0x000000635f100000)]
  0x000001f0a99b9800 JavaThread "Asynchronous log dispatcher for DefaultDaemonConnection: socket connection from /127.0.0.1:53705 to /127.0.0.1:54944" [_thread_blocked, id=16380, stack(0x000000635f100000,0x000000635f200000)]
  0x000001f0a99b4800 JavaThread "Daemon client event forwarder" [_thread_blocked, id=20328, stack(0x000000635f400000,0x000000635f500000)]
  0x000001f0b27d0000 JavaThread "Cache worker for file hash cache (M:\WhoAreYouFromRickAndMortyCleanArch\.gradle\7.0.2\fileHashes)" [_thread_blocked, id=16996, stack(0x000000635f500000,0x000000635f600000)]
  0x000001f0b27d6800 JavaThread "Cache worker for checksums cache (M:\WhoAreYouFromRickAndMortyCleanArch\.gradle\checksums)" [_thread_blocked, id=10404, stack(0x000000635f600000,0x000000635f700000)]
  0x000001f0b27d1800 JavaThread "Cache worker for cache directory md-supplier (C:\Users\dushk\.gradle\caches\7.0.2\md-supplier)" [_thread_blocked, id=11680, stack(0x000000635fa00000,0x000000635fb00000)]
  0x000001f0b27d5800 JavaThread "Cache worker for cache directory md-rule (C:\Users\dushk\.gradle\caches\7.0.2\md-rule)" [_thread_blocked, id=1844, stack(0x000000635fd00000,0x000000635fe00000)]
  0x000001f0b27d8000 JavaThread "Cache worker for dependencies-accessors (M:\WhoAreYouFromRickAndMortyCleanArch\.gradle\7.0.2\dependencies-accessors)" [_thread_blocked, id=1028, stack(0x000000635fe00000,0x000000635ff00000)]
  0x000001f0b27d2800 JavaThread "Cache worker for Build Output Cleanup Cache (M:\WhoAreYouFromRickAndMortyCleanArch\.gradle\buildOutputCleanup)" [_thread_blocked, id=19776, stack(0x000000635ff00000,0x0000006360000000)]
  0x000001f0b27d4000 JavaThread "Build operations" [_thread_blocked, id=5456, stack(0x0000006360400000,0x0000006360500000)]
  0x000001f0b27d7800 JavaThread "Build operations Thread 2" [_thread_blocked, id=3368, stack(0x0000006360600000,0x0000006360700000)]
  0x000001f0b27d9000 JavaThread "Build operations Thread 3" [_thread_blocked, id=19060, stack(0x0000006360700000,0x0000006360800000)]
  0x000001f0b27d3800 JavaThread "Build operations Thread 4" [_thread_blocked, id=13108, stack(0x0000006360800000,0x0000006360900000)]
  0x000001f0b27da000 JavaThread "build event listener" [_thread_blocked, id=11068, stack(0x0000006360900000,0x0000006360a00000)]
  0x000001f0b27db800 JavaThread "Execution worker for ':'" [_thread_blocked, id=15236, stack(0x0000006360a00000,0x0000006360b00000)]
  0x000001f0b27dd000 JavaThread "Execution worker for ':' Thread 2" [_thread_blocked, id=17404, stack(0x0000006360d00000,0x0000006360e00000)]
  0x000001f0b27da800 JavaThread "Execution worker for ':' Thread 3" [_thread_blocked, id=10824, stack(0x0000006360e00000,0x0000006360f00000)]
  0x000001f0b27de000 JavaThread "Cache worker for execution history cache (M:\WhoAreYouFromRickAndMortyCleanArch\.gradle\7.0.2\executionHistory)" [_thread_blocked, id=17280, stack(0x0000006360f00000,0x0000006361000000)]
  0x000001f0a6724000 JavaThread "RMI TCP Connection(29)-127.0.0.1" daemon [_thread_in_native, id=15912, stack(0x0000006361100000,0x0000006361200000)]
  0x000001f0a6720000 JavaThread "RMI TCP Connection(28)-127.0.0.1" daemon [_thread_in_native, id=15036, stack(0x0000006361200000,0x0000006361300000)]
  0x000001f0a6727800 JavaThread "WorkerExecutor Queue" [_thread_blocked, id=4452, stack(0x0000006361000000,0x0000006361100000)]
  0x000001f0a6725000 JavaThread "Cache worker for Java compile cache (M:\WhoAreYouFromRickAndMortyCleanArch\.gradle\7.0.2\javaCompile)" [_thread_blocked, id=10532, stack(0x0000006361300000,0x0000006361400000)]

Other Threads:
=>0x000001f0a1e55800 VMThread "VM Thread" [stack: 0x000000635de00000,0x000000635df00000] [id=18340]
  0x000001f0a2989000 WatcherThread [stack: 0x000000635e800000,0x000000635e900000] [id=3952]
  0x000001f0882d1800 GCTaskThread "GC Thread#0" [stack: 0x000000635d900000,0x000000635da00000] [id=7580]
  0x000001f0a2e5d000 GCTaskThread "GC Thread#1" [stack: 0x000000635ea00000,0x000000635eb00000] [id=15412]
  0x000001f0a40c9000 GCTaskThread "GC Thread#2" [stack: 0x000000635ec00000,0x000000635ed00000] [id=12552]
  0x000001f0a512a000 GCTaskThread "GC Thread#3" [stack: 0x000000635ed00000,0x000000635ee00000] [id=19344]
  0x000001f088303000 ConcurrentGCThread "G1 Main Marker" [stack: 0x000000635da00000,0x000000635db00000] [id=15352]
  0x000001f088304800 ConcurrentGCThread "G1 Conc#0" [stack: 0x000000635db00000,0x000000635dc00000] [id=13368]
  0x000001f08835f800 ConcurrentGCThread "G1 Refine#0" [stack: 0x000000635dc00000,0x000000635dd00000] [id=9844]
  0x000001f088360800 ConcurrentGCThread "G1 Young RemSet Sampling" [stack: 0x000000635dd00000,0x000000635de00000] [id=16564]

Threads with active compile tasks:
C2 CompilerThread02880434 33242       4       com.sun.tools.javac.util.UnsharedNameTable::fromUtf (232 bytes)
C1 CompilerThread02880434 33367   !   3       com.sun.tools.javac.comp.Check::checkOverride (829 bytes)

VM state:at safepoint (normal execution)

VM Mutex/Monitor currently owned by a thread:  ([mutex/lock_event])
[0x000001f0882ae000] Threads_lock - owner thread: 0x000001f0a1e55800
[0x000001f0882b8210] Heap_lock - owner thread: 0x000001f0b27da800

Heap address: 0x0000000080000000, size: 2048 MB, Compressed Oops mode: 32-bit
Narrow klass base: 0x0000000000000000, Narrow klass shift: 3
Compressed class space size: 1073741824 Address: 0x0000000100000000

Heap:
 garbage-first heap   total 485376K, used 198815K [0x0000000080000000, 0x0000000100000000)
  region size 1024K, 3 young (3072K), 3 survivors (3072K)
 Metaspace       used 167230K, capacity 172920K, committed 173260K, reserved 1200128K
  class space    used 20795K, capacity 22886K, committed 22988K, reserved 1048576K
Heap Regions: E=young(eden), S=young(survivor), O=old, HS=humongous(starts), HC=humongous(continues), CS=collection set, F=free, A=archive, TAMS=top-at-mark-start (previous, next)
|   0|0x0000000080000000, 0x0000000080100000, 0x0000000080100000|100%| O|  |TAMS 0x0000000080100000, 0x0000000080100000| Untracked 
|   1|0x0000000080100000, 0x0000000080200000, 0x0000000080200000|100%| O|  |TAMS 0x0000000080200000, 0x0000000080200000| Untracked 
|   2|0x0000000080200000, 0x0000000080300000, 0x0000000080300000|100%| O|  |TAMS 0x0000000080300000, 0x0000000080300000| Untracked 
|   3|0x0000000080300000, 0x0000000080400000, 0x0000000080400000|100%|HS|  |TAMS 0x0000000080400000, 0x0000000080400000| Complete 
|   4|0x0000000080400000, 0x0000000080500000, 0x0000000080500000|100%|HC|  |TAMS 0x0000000080500000, 0x0000000080500000| Complete 
|   5|0x0000000080500000, 0x0000000080600000, 0x0000000080600000|100%|HC|  |TAMS 0x0000000080600000, 0x0000000080600000| Complete 
|   6|0x0000000080600000, 0x0000000080700000, 0x0000000080700000|100%| O|  |TAMS 0x0000000080700000, 0x0000000080700000| Untracked 
|   7|0x0000000080700000, 0x0000000080800000, 0x0000000080800000|100%| O|  |TAMS 0x0000000080800000, 0x0000000080800000| Untracked 
|   8|0x0000000080800000, 0x0000000080900000, 0x0000000080900000|100%| O|  |TAMS 0x0000000080900000, 0x0000000080900000| Untracked 
|   9|0x0000000080900000, 0x0000000080a00000, 0x0000000080a00000|100%| O|  |TAMS 0x0000000080a00000, 0x0000000080a00000| Untracked 
|  10|0x0000000080a00000, 0x0000000080b00000, 0x0000000080b00000|100%| O|  |TAMS 0x0000000080b00000, 0x0000000080b00000| Untracked 
|  11|0x0000000080b00000, 0x0000000080c00000, 0x0000000080c00000|100%| O|  |TAMS 0x0000000080c00000, 0x0000000080c00000| Untracked 
|  12|0x0000000080c00000, 0x0000000080d00000, 0x0000000080d00000|100%| O|  |TAMS 0x0000000080d00000, 0x0000000080d00000| Untracked 
|  13|0x0000000080d00000, 0x0000000080e00000, 0x0000000080e00000|100%| O|  |TAMS 0x0000000080e00000, 0x0000000080e00000| Untracked 
|  14|0x0000000080e00000, 0x0000000080f00000, 0x0000000080f00000|100%| O|  |TAMS 0x0000000080f00000, 0x0000000080f00000| Untracked 
|  15|0x0000000080f00000, 0x0000000081000000, 0x0000000081000000|100%| O|  |TAMS 0x0000000081000000, 0x0000000081000000| Untracked 
|  16|0x0000000081000000, 0x0000000081100000, 0x0000000081100000|100%| O|  |TAMS 0x0000000081100000, 0x0000000081100000| Untracked 
|  17|0x0000000081100000, 0x0000000081200000, 0x0000000081200000|100%| O|  |TAMS 0x0000000081200000, 0x0000000081200000| Untracked 
|  18|0x0000000081200000, 0x0000000081300000, 0x0000000081300000|100%| O|  |TAMS 0x0000000081300000, 0x0000000081300000| Untracked 
|  19|0x0000000081300000, 0x0000000081400000, 0x0000000081400000|100%|HS|  |TAMS 0x0000000081400000, 0x0000000081400000| Complete 
|  20|0x0000000081400000, 0x0000000081500000, 0x0000000081500000|100%| O|  |TAMS 0x0000000081500000, 0x0000000081500000| Untracked 
|  21|0x0000000081500000, 0x0000000081600000, 0x0000000081600000|100%| O|  |TAMS 0x0000000081600000, 0x0000000081600000| Untracked 
|  22|0x0000000081600000, 0x0000000081700000, 0x0000000081700000|100%| O|  |TAMS 0x0000000081700000, 0x0000000081700000| Untracked 
|  23|0x0000000081700000, 0x0000000081800000, 0x0000000081800000|100%| O|  |TAMS 0x0000000081800000, 0x0000000081800000| Untracked 
|  24|0x0000000081800000, 0x0000000081900000, 0x0000000081900000|100%| O|  |TAMS 0x0000000081900000, 0x0000000081900000| Untracked 
|  25|0x0000000081900000, 0x0000000081a00000, 0x0000000081a00000|100%| O|  |TAMS 0x0000000081a00000, 0x0000000081a00000| Untracked 
|  26|0x0000000081a00000, 0x0000000081b00000, 0x0000000081b00000|100%| O|  |TAMS 0x0000000081b00000, 0x0000000081b00000| Untracked 
|  27|0x0000000081b00000, 0x0000000081c00000, 0x0000000081c00000|100%| O|  |TAMS 0x0000000081c00000, 0x0000000081c00000| Untracked 
|  28|0x0000000081c00000, 0x0000000081d00000, 0x0000000081d00000|100%| O|  |TAMS 0x0000000081d00000, 0x0000000081d00000| Untracked 
|  29|0x0000000081d00000, 0x0000000081e00000, 0x0000000081e00000|100%|HS|  |TAMS 0x0000000081e00000, 0x0000000081e00000| Complete 
|  30|0x0000000081e00000, 0x0000000081f00000, 0x0000000081f00000|100%|HS|  |TAMS 0x0000000081f00000, 0x0000000081f00000| Complete 
|  31|0x0000000081f00000, 0x0000000082000000, 0x0000000082000000|100%|HS|  |TAMS 0x0000000082000000, 0x0000000082000000| Complete 
|  32|0x0000000082000000, 0x0000000082100000, 0x0000000082100000|100%|HS|  |TAMS 0x0000000082100000, 0x0000000082100000| Complete 
|  33|0x0000000082100000, 0x0000000082200000, 0x0000000082200000|100%|HC|  |TAMS 0x0000000082200000, 0x0000000082200000| Complete 
|  34|0x0000000082200000, 0x0000000082300000, 0x0000000082300000|100%|HC|  |TAMS 0x0000000082300000, 0x0000000082300000| Complete 
|  35|0x0000000082300000, 0x0000000082400000, 0x0000000082400000|100%|HS|  |TAMS 0x0000000082400000, 0x0000000082400000| Complete 
|  36|0x0000000082400000, 0x0000000082500000, 0x0000000082500000|100%|HC|  |TAMS 0x0000000082500000, 0x0000000082500000| Complete 
|  37|0x0000000082500000, 0x0000000082600000, 0x0000000082600000|100%| O|  |TAMS 0x0000000082600000, 0x0000000082600000| Untracked 
|  38|0x0000000082600000, 0x0000000082700000, 0x0000000082700000|100%| O|  |TAMS 0x0000000082700000, 0x0000000082700000| Untracked 
|  39|0x0000000082700000, 0x0000000082800000, 0x0000000082800000|100%| O|  |TAMS 0x0000000082800000, 0x0000000082800000| Untracked 
|  40|0x0000000082800000, 0x0000000082900000, 0x0000000082900000|100%| O|  |TAMS 0x0000000082900000, 0x0000000082900000| Untracked 
|  41|0x0000000082900000, 0x0000000082a00000, 0x0000000082a00000|100%| O|  |TAMS 0x0000000082a00000, 0x0000000082a00000| Untracked 
|  42|0x0000000082a00000, 0x0000000082b00000, 0x0000000082b00000|100%| O|  |TAMS 0x0000000082b00000, 0x0000000082b00000| Untracked 
|  43|0x0000000082b00000, 0x0000000082c00000, 0x0000000082c00000|100%| O|  |TAMS 0x0000000082c00000, 0x0000000082c00000| Untracked 
|  44|0x0000000082c00000, 0x0000000082d00000, 0x0000000082d00000|100%| O|  |TAMS 0x0000000082d00000, 0x0000000082d00000| Untracked 
|  45|0x0000000082d00000, 0x0000000082e00000, 0x0000000082e00000|100%| O|  |TAMS 0x0000000082e00000, 0x0000000082e00000| Untracked 
|  46|0x0000000082e00000, 0x0000000082f00000, 0x0000000082f00000|100%| O|  |TAMS 0x0000000082f00000, 0x0000000082f00000| Untracked 
|  47|0x0000000082f00000, 0x0000000083000000, 0x0000000083000000|100%| O|  |TAMS 0x0000000083000000, 0x0000000083000000| Untracked 
|  48|0x0000000083000000, 0x0000000083100000, 0x0000000083100000|100%| O|  |TAMS 0x0000000083100000, 0x0000000083100000| Untracked 
|  49|0x0000000083100000, 0x0000000083200000, 0x0000000083200000|100%| O|  |TAMS 0x0000000083200000, 0x0000000083200000| Untracked 
|  50|0x0000000083200000, 0x0000000083300000, 0x0000000083300000|100%| O|  |TAMS 0x0000000083300000, 0x0000000083300000| Untracked 
|  51|0x0000000083300000, 0x0000000083400000, 0x0000000083400000|100%| O|  |TAMS 0x0000000083400000, 0x0000000083400000| Untracked 
|  52|0x0000000083400000, 0x0000000083500000, 0x0000000083500000|100%| O|  |TAMS 0x0000000083500000, 0x0000000083500000| Untracked 
|  53|0x0000000083500000, 0x0000000083600000, 0x0000000083600000|100%| O|  |TAMS 0x0000000083600000, 0x0000000083600000| Untracked 
|  54|0x0000000083600000, 0x0000000083700000, 0x0000000083700000|100%| O|  |TAMS 0x0000000083700000, 0x0000000083700000| Untracked 
|  55|0x0000000083700000, 0x0000000083800000, 0x0000000083800000|100%| O|  |TAMS 0x0000000083800000, 0x0000000083800000| Untracked 
|  56|0x0000000083800000, 0x0000000083900000, 0x0000000083900000|100%| O|  |TAMS 0x0000000083900000, 0x0000000083900000| Untracked 
|  57|0x0000000083900000, 0x0000000083a00000, 0x0000000083a00000|100%| O|  |TAMS 0x0000000083a00000, 0x0000000083a00000| Untracked 
|  58|0x0000000083a00000, 0x0000000083b00000, 0x0000000083b00000|100%| O|  |TAMS 0x0000000083b00000, 0x0000000083b00000| Untracked 
|  59|0x0000000083b00000, 0x0000000083c00000, 0x0000000083c00000|100%| O|  |TAMS 0x0000000083c00000, 0x0000000083c00000| Untracked 
|  60|0x0000000083c00000, 0x0000000083d00000, 0x0000000083d00000|100%| O|  |TAMS 0x0000000083d00000, 0x0000000083d00000| Untracked 
|  61|0x0000000083d00000, 0x0000000083e00000, 0x0000000083e00000|100%| O|  |TAMS 0x0000000083d00000, 0x0000000083e00000| Untracked 
|  62|0x0000000083e00000, 0x0000000083f00000, 0x0000000083f00000|100%| O|  |TAMS 0x0000000083e00000, 0x0000000083f00000| Untracked 
|  63|0x0000000083f00000, 0x0000000084000000, 0x0000000084000000|100%| O|  |TAMS 0x0000000084000000, 0x0000000084000000| Untracked 
|  64|0x0000000084000000, 0x0000000084100000, 0x0000000084100000|100%| O|  |TAMS 0x0000000084100000, 0x0000000084100000| Untracked 
|  65|0x0000000084100000, 0x0000000084200000, 0x0000000084200000|100%| O|  |TAMS 0x0000000084200000, 0x0000000084200000| Untracked 
|  66|0x0000000084200000, 0x0000000084300000, 0x0000000084300000|100%| O|  |TAMS 0x0000000084300000, 0x0000000084300000| Untracked 
|  67|0x0000000084300000, 0x0000000084400000, 0x0000000084400000|100%| O|  |TAMS 0x0000000084400000, 0x0000000084400000| Untracked 
|  68|0x0000000084400000, 0x0000000084500000, 0x0000000084500000|100%| O|  |TAMS 0x0000000084500000, 0x0000000084500000| Untracked 
|  69|0x0000000084500000, 0x0000000084600000, 0x0000000084600000|100%| O|  |TAMS 0x0000000084600000, 0x0000000084600000| Untracked 
|  70|0x0000000084600000, 0x0000000084700000, 0x0000000084700000|100%| O|  |TAMS 0x0000000084700000, 0x0000000084700000| Untracked 
|  71|0x0000000084700000, 0x0000000084800000, 0x0000000084800000|100%| O|  |TAMS 0x0000000084800000, 0x0000000084800000| Untracked 
|  72|0x0000000084800000, 0x0000000084900000, 0x0000000084900000|100%| O|  |TAMS 0x0000000084900000, 0x0000000084900000| Untracked 
|  73|0x0000000084900000, 0x0000000084a00000, 0x0000000084a00000|100%| O|  |TAMS 0x0000000084a00000, 0x0000000084a00000| Untracked 
|  74|0x0000000084a00000, 0x0000000084b00000, 0x0000000084b00000|100%| O|  |TAMS 0x0000000084b00000, 0x0000000084b00000| Untracked 
|  75|0x0000000084b00000, 0x0000000084c00000, 0x0000000084c00000|100%| O|  |TAMS 0x0000000084c00000, 0x0000000084c00000| Untracked 
|  76|0x0000000084c00000, 0x0000000084d00000, 0x0000000084d00000|100%| O|  |TAMS 0x0000000084d00000, 0x0000000084d00000| Untracked 
|  77|0x0000000084d00000, 0x0000000084e00000, 0x0000000084e00000|100%| O|  |TAMS 0x0000000084e00000, 0x0000000084e00000| Untracked 
|  78|0x0000000084e00000, 0x0000000084f00000, 0x0000000084f00000|100%| O|  |TAMS 0x0000000084f00000, 0x0000000084f00000| Untracked 
|  79|0x0000000084f00000, 0x0000000085000000, 0x0000000085000000|100%| O|  |TAMS 0x0000000085000000, 0x0000000085000000| Untracked 
|  80|0x0000000085000000, 0x0000000085100000, 0x0000000085100000|100%| O|  |TAMS 0x0000000085100000, 0x0000000085100000| Untracked 
|  81|0x0000000085100000, 0x0000000085200000, 0x0000000085200000|100%| O|  |TAMS 0x0000000085200000, 0x0000000085200000| Untracked 
|  82|0x0000000085200000, 0x0000000085300000, 0x0000000085300000|100%| O|  |TAMS 0x0000000085300000, 0x0000000085300000| Untracked 
|  83|0x0000000085300000, 0x0000000085400000, 0x0000000085400000|100%| O|  |TAMS 0x0000000085400000, 0x0000000085400000| Untracked 
|  84|0x0000000085400000, 0x0000000085500000, 0x0000000085500000|100%| O|  |TAMS 0x0000000085400000, 0x0000000085500000| Untracked 
|  85|0x0000000085500000, 0x0000000085600000, 0x0000000085600000|100%| O|  |TAMS 0x0000000085600000, 0x0000000085600000| Untracked 
|  86|0x0000000085600000, 0x0000000085700000, 0x0000000085700000|100%| O|  |TAMS 0x0000000085700000, 0x0000000085700000| Untracked 
|  87|0x0000000085700000, 0x0000000085800000, 0x0000000085800000|100%| O|  |TAMS 0x0000000085800000, 0x0000000085800000| Untracked 
|  88|0x0000000085800000, 0x0000000085900000, 0x0000000085900000|100%| O|  |TAMS 0x0000000085900000, 0x0000000085900000| Untracked 
|  89|0x0000000085900000, 0x0000000085a00000, 0x0000000085a00000|100%| O|  |TAMS 0x0000000085a00000, 0x0000000085a00000| Untracked 
|  90|0x0000000085a00000, 0x0000000085b00000, 0x0000000085b00000|100%| O|  |TAMS 0x0000000085b00000, 0x0000000085b00000| Untracked 
|  91|0x0000000085b00000, 0x0000000085c00000, 0x0000000085c00000|100%|HS|  |TAMS 0x0000000085c00000, 0x0000000085c00000| Complete 
|  92|0x0000000085c00000, 0x0000000085d00000, 0x0000000085d00000|100%|HC|  |TAMS 0x0000000085d00000, 0x0000000085d00000| Complete 
|  93|0x0000000085d00000, 0x0000000085e00000, 0x0000000085e00000|100%|HC|  |TAMS 0x0000000085e00000, 0x0000000085e00000| Complete 
|  94|0x0000000085e00000, 0x0000000085f00000, 0x0000000085f00000|100%| O|  |TAMS 0x0000000085e00000, 0x0000000085f00000| Untracked 
|  95|0x0000000085f00000, 0x0000000086000000, 0x0000000086000000|100%| O|  |TAMS 0x0000000086000000, 0x0000000086000000| Untracked 
|  96|0x0000000086000000, 0x0000000086100000, 0x0000000086100000|100%| O|  |TAMS 0x0000000086100000, 0x0000000086100000| Untracked 
|  97|0x0000000086100000, 0x0000000086200000, 0x0000000086200000|100%| O|  |TAMS 0x0000000086200000, 0x0000000086200000| Untracked 
|  98|0x0000000086200000, 0x0000000086300000, 0x0000000086300000|100%| O|  |TAMS 0x0000000086300000, 0x0000000086300000| Untracked 
|  99|0x0000000086300000, 0x0000000086400000, 0x0000000086400000|100%| O|  |TAMS 0x0000000086400000, 0x0000000086400000| Untracked 
| 100|0x0000000086400000, 0x0000000086500000, 0x0000000086500000|100%| O|  |TAMS 0x0000000086500000, 0x0000000086500000| Untracked 
| 101|0x0000000086500000, 0x0000000086600000, 0x0000000086600000|100%| O|  |TAMS 0x0000000086600000, 0x0000000086600000| Untracked 
| 102|0x0000000086600000, 0x0000000086700000, 0x0000000086700000|100%| O|  |TAMS 0x0000000086700000, 0x0000000086700000| Untracked 
| 103|0x0000000086700000, 0x0000000086800000, 0x0000000086800000|100%| O|  |TAMS 0x0000000086800000, 0x0000000086800000| Untracked 
| 104|0x0000000086800000, 0x0000000086900000, 0x0000000086900000|100%| O|  |TAMS 0x0000000086900000, 0x0000000086900000| Untracked 
| 105|0x0000000086900000, 0x0000000086a00000, 0x0000000086a00000|100%| O|  |TAMS 0x0000000086a00000, 0x0000000086a00000| Untracked 
| 106|0x0000000086a00000, 0x0000000086b00000, 0x0000000086b00000|100%| O|  |TAMS 0x0000000086b00000, 0x0000000086b00000| Untracked 
| 107|0x0000000086b00000, 0x0000000086c00000, 0x0000000086c00000|100%| O|  |TAMS 0x0000000086c00000, 0x0000000086c00000| Untracked 
| 108|0x0000000086c00000, 0x0000000086d00000, 0x0000000086d00000|100%| O|  |TAMS 0x0000000086d00000, 0x0000000086d00000| Untracked 
| 109|0x0000000086d00000, 0x0000000086e00000, 0x0000000086e00000|100%| O|  |TAMS 0x0000000086e00000, 0x0000000086e00000| Untracked 
| 110|0x0000000086e00000, 0x0000000086f00000, 0x0000000086f00000|100%| O|  |TAMS 0x0000000086f00000, 0x0000000086f00000| Untracked 
| 111|0x0000000086f00000, 0x0000000087000000, 0x0000000087000000|100%| O|  |TAMS 0x0000000087000000, 0x0000000087000000| Untracked 
| 112|0x0000000087000000, 0x0000000087100000, 0x0000000087100000|100%|HS|  |TAMS 0x0000000087100000, 0x0000000087100000| Complete 
| 113|0x0000000087100000, 0x0000000087200000, 0x0000000087200000|100%|HC|  |TAMS 0x0000000087200000, 0x0000000087200000| Complete 
| 114|0x0000000087200000, 0x0000000087300000, 0x0000000087300000|100%| O|  |TAMS 0x0000000087200000, 0x0000000087300000| Untracked 
| 115|0x0000000087300000, 0x0000000087400000, 0x0000000087400000|100%| O|  |TAMS 0x0000000087400000, 0x0000000087400000| Untracked 
| 116|0x0000000087400000, 0x0000000087500000, 0x0000000087500000|100%| O|  |TAMS 0x0000000087500000, 0x0000000087500000| Untracked 
| 117|0x0000000087500000, 0x0000000087600000, 0x0000000087600000|100%| O|  |TAMS 0x0000000087600000, 0x0000000087600000| Untracked 
| 118|0x0000000087600000, 0x0000000087700000, 0x0000000087700000|100%| O|  |TAMS 0x0000000087700000, 0x0000000087700000| Untracked 
| 119|0x0000000087700000, 0x0000000087800000, 0x0000000087800000|100%| O|  |TAMS 0x0000000087800000, 0x0000000087800000| Untracked 
| 120|0x0000000087800000, 0x0000000087900000, 0x0000000087900000|100%| O|  |TAMS 0x0000000087900000, 0x0000000087900000| Untracked 
| 121|0x0000000087900000, 0x0000000087a00000, 0x0000000087a00000|100%| O|  |TAMS 0x0000000087a00000, 0x0000000087a00000| Untracked 
| 122|0x0000000087a00000, 0x0000000087b00000, 0x0000000087b00000|100%| O|  |TAMS 0x0000000087b00000, 0x0000000087b00000| Untracked 
| 123|0x0000000087b00000, 0x0000000087c00000, 0x0000000087c00000|100%| O|  |TAMS 0x0000000087c00000, 0x0000000087c00000| Untracked 
| 124|0x0000000087c00000, 0x0000000087d00000, 0x0000000087d00000|100%| O|  |TAMS 0x0000000087d00000, 0x0000000087d00000| Untracked 
| 125|0x0000000087d00000, 0x0000000087e00000, 0x0000000087e00000|100%| O|  |TAMS 0x0000000087e00000, 0x0000000087e00000| Untracked 
| 126|0x0000000087e00000, 0x0000000087f00000, 0x0000000087f00000|100%| O|  |TAMS 0x0000000087f00000, 0x0000000087f00000| Untracked 
| 127|0x0000000087f00000, 0x0000000088000000, 0x0000000088000000|100%| O|  |TAMS 0x0000000088000000, 0x0000000088000000| Untracked 
| 128|0x0000000088000000, 0x0000000088100000, 0x0000000088100000|100%| O|  |TAMS 0x0000000088100000, 0x0000000088100000| Untracked 
| 129|0x0000000088100000, 0x0000000088200000, 0x0000000088200000|100%| O|  |TAMS 0x0000000088200000, 0x0000000088200000| Untracked 
| 130|0x0000000088200000, 0x0000000088300000, 0x0000000088300000|100%|HS|  |TAMS 0x0000000088300000, 0x0000000088300000| Complete 
| 131|0x0000000088300000, 0x0000000088400000, 0x0000000088400000|100%|HC|  |TAMS 0x0000000088400000, 0x0000000088400000| Complete 
| 132|0x0000000088400000, 0x0000000088500000, 0x0000000088500000|100%| O|  |TAMS 0x0000000088500000, 0x0000000088500000| Untracked 
| 133|0x0000000088500000, 0x0000000088600000, 0x0000000088600000|100%| O|  |TAMS 0x0000000088600000, 0x0000000088600000| Untracked 
| 134|0x0000000088600000, 0x0000000088700000, 0x0000000088700000|100%|HS|  |TAMS 0x0000000088600000, 0x0000000088700000| Complete 
| 135|0x0000000088700000, 0x0000000088800000, 0x0000000088800000|100%|HC|  |TAMS 0x0000000088700000, 0x0000000088800000| Complete 
| 136|0x0000000088800000, 0x0000000088900000, 0x0000000088900000|100%| O|  |TAMS 0x0000000088900000, 0x0000000088900000| Untracked 
| 137|0x0000000088900000, 0x0000000088a00000, 0x0000000088a00000|100%| O|  |TAMS 0x0000000088a00000, 0x0000000088a00000| Untracked 
| 138|0x0000000088a00000, 0x0000000088b00000, 0x0000000088b00000|100%| O|  |TAMS 0x0000000088b00000, 0x0000000088b00000| Untracked 
| 139|0x0000000088b00000, 0x0000000088c00000, 0x0000000088c00000|100%| O|  |TAMS 0x0000000088b00000, 0x0000000088c00000| Untracked 
| 140|0x0000000088c00000, 0x0000000088d00000, 0x0000000088d00000|100%|HS|  |TAMS 0x0000000088d00000, 0x0000000088d00000| Complete 
| 141|0x0000000088d00000, 0x0000000088e00000, 0x0000000088e00000|100%|HC|  |TAMS 0x0000000088e00000, 0x0000000088e00000| Complete 
| 142|0x0000000088e00000, 0x0000000088f00000, 0x0000000088f00000|100%|HC|  |TAMS 0x0000000088f00000, 0x0000000088f00000| Complete 
| 143|0x0000000088f00000, 0x0000000089000000, 0x0000000089000000|100%|HS|  |TAMS 0x0000000089000000, 0x0000000089000000| Complete 
| 144|0x0000000089000000, 0x0000000089100000, 0x0000000089100000|100%|HC|  |TAMS 0x0000000089100000, 0x0000000089100000| Complete 
| 145|0x0000000089100000, 0x0000000089200000, 0x0000000089200000|100%|HC|  |TAMS 0x0000000089200000, 0x0000000089200000| Complete 
| 146|0x0000000089200000, 0x0000000089300000, 0x0000000089300000|100%|HC|  |TAMS 0x0000000089300000, 0x0000000089300000| Complete 
| 147|0x0000000089300000, 0x0000000089400000, 0x0000000089400000|100%|HC|  |TAMS 0x0000000089400000, 0x0000000089400000| Complete 
| 148|0x0000000089400000, 0x0000000089500000, 0x0000000089500000|100%|HS|  |TAMS 0x0000000089500000, 0x0000000089500000| Complete 
| 149|0x0000000089500000, 0x0000000089600000, 0x0000000089600000|100%|HC|  |TAMS 0x0000000089600000, 0x0000000089600000| Complete 
| 150|0x0000000089600000, 0x0000000089700000, 0x0000000089700000|100%|HC|  |TAMS 0x0000000089700000, 0x0000000089700000| Complete 
| 151|0x0000000089700000, 0x0000000089800000, 0x0000000089800000|100%|HC|  |TAMS 0x0000000089800000, 0x0000000089800000| Complete 
| 152|0x0000000089800000, 0x0000000089900000, 0x0000000089900000|100%|HC|  |TAMS 0x0000000089900000, 0x0000000089900000| Complete 
| 153|0x0000000089900000, 0x0000000089a00000, 0x0000000089a00000|100%|HS|  |TAMS 0x0000000089a00000, 0x0000000089a00000| Complete 
| 154|0x0000000089a00000, 0x0000000089b00000, 0x0000000089b00000|100%|HC|  |TAMS 0x0000000089b00000, 0x0000000089b00000| Complete 
| 155|0x0000000089b00000, 0x0000000089c00000, 0x0000000089c00000|100%|HC|  |TAMS 0x0000000089c00000, 0x0000000089c00000| Complete 
| 156|0x0000000089c00000, 0x0000000089d00000, 0x0000000089d00000|100%| O|  |TAMS 0x0000000089c00000, 0x0000000089d00000| Untracked 
| 157|0x0000000089d00000, 0x0000000089e00000, 0x0000000089e00000|100%| O|  |TAMS 0x0000000089e00000, 0x0000000089e00000| Untracked 
| 158|0x0000000089e00000, 0x0000000089f00000, 0x0000000089f00000|100%| O|  |TAMS 0x0000000089e00000, 0x0000000089f00000| Untracked 
| 159|0x0000000089f00000, 0x000000008a000000, 0x000000008a000000|100%| O|  |TAMS 0x0000000089f00000, 0x000000008a000000| Untracked 
| 160|0x000000008a000000, 0x000000008a100000, 0x000000008a100000|100%| O|  |TAMS 0x000000008a000000, 0x000000008a100000| Untracked 
| 161|0x000000008a100000, 0x000000008a200000, 0x000000008a200000|100%| O|  |TAMS 0x000000008a200000, 0x000000008a200000| Untracked 
| 162|0x000000008a200000, 0x000000008a300000, 0x000000008a300000|100%| O|  |TAMS 0x000000008a200000, 0x000000008a300000| Untracked 
| 163|0x000000008a300000, 0x000000008a400000, 0x000000008a400000|100%| O|  |TAMS 0x000000008a300000, 0x000000008a32ec00| Untracked 
| 164|0x000000008a400000, 0x000000008a500000, 0x000000008a500000|100%| O|  |TAMS 0x000000008a500000, 0x000000008a500000| Untracked 
| 165|0x000000008a500000, 0x000000008a600000, 0x000000008a600000|100%| O|  |TAMS 0x000000008a500000, 0x000000008a500000| Untracked 
| 166|0x000000008a600000, 0x000000008a700000, 0x000000008a700000|100%| O|  |TAMS 0x000000008a600000, 0x000000008a600000| Untracked 
| 167|0x000000008a700000, 0x000000008a800000, 0x000000008a800000|100%| O|  |TAMS 0x000000008a800000, 0x000000008a800000| Untracked 
| 168|0x000000008a800000, 0x000000008a900000, 0x000000008a900000|100%| O|  |TAMS 0x000000008a900000, 0x000000008a900000| Untracked 
| 169|0x000000008a900000, 0x000000008aa00000, 0x000000008aa00000|100%| O|  |TAMS 0x000000008aa00000, 0x000000008aa00000| Untracked 
| 170|0x000000008aa00000, 0x000000008ab00000, 0x000000008ab00000|100%| O|  |TAMS 0x000000008ab00000, 0x000000008ab00000| Untracked 
| 171|0x000000008ab00000, 0x000000008ac00000, 0x000000008ac00000|100%| O|  |TAMS 0x000000008ac00000, 0x000000008ac00000| Untracked 
| 172|0x000000008ac00000, 0x000000008ad00000, 0x000000008ad00000|100%| O|  |TAMS 0x000000008ad00000, 0x000000008ad00000| Untracked 
| 173|0x000000008ad00000, 0x000000008ae00000, 0x000000008ae00000|100%| O|  |TAMS 0x000000008ae00000, 0x000000008ae00000| Untracked 
| 174|0x000000008ae00000, 0x000000008ae81800, 0x000000008af00000| 50%| O|  |TAMS 0x000000008ae00000, 0x000000008ae00000| Untracked 
| 175|0x000000008af00000, 0x000000008af00000, 0x000000008b000000|  0%| F|  |TAMS 0x000000008af00000, 0x000000008af00000| Untracked 
| 176|0x000000008b000000, 0x000000008b000000, 0x000000008b100000|  0%| F|  |TAMS 0x000000008b000000, 0x000000008b000000| Untracked 
| 177|0x000000008b100000, 0x000000008b200000, 0x000000008b200000|100%| O|  |TAMS 0x000000008b200000, 0x000000008b200000| Untracked 
| 178|0x000000008b200000, 0x000000008b200000, 0x000000008b300000|  0%| F|  |TAMS 0x000000008b200000, 0x000000008b200000| Untracked 
| 179|0x000000008b300000, 0x000000008b400000, 0x000000008b400000|100%| O|  |TAMS 0x000000008b400000, 0x000000008b400000| Untracked 
| 180|0x000000008b400000, 0x000000008b500000, 0x000000008b500000|100%| O|  |TAMS 0x000000008b500000, 0x000000008b500000| Untracked 
| 181|0x000000008b500000, 0x000000008b600000, 0x000000008b600000|100%| O|  |TAMS 0x000000008b600000, 0x000000008b600000| Untracked 
| 182|0x000000008b600000, 0x000000008b700000, 0x000000008b700000|100%| O|  |TAMS 0x000000008b700000, 0x000000008b700000| Untracked 
| 183|0x000000008b700000, 0x000000008b800000, 0x000000008b800000|100%| O|  |TAMS 0x000000008b800000, 0x000000008b800000| Untracked 
| 184|0x000000008b800000, 0x000000008b900000, 0x000000008b900000|100%| O|  |TAMS 0x000000008b900000, 0x000000008b900000| Untracked 
| 185|0x000000008b900000, 0x000000008ba00000, 0x000000008ba00000|100%| O|  |TAMS 0x000000008ba00000, 0x000000008ba00000| Untracked 
| 186|0x000000008ba00000, 0x000000008bb00000, 0x000000008bb00000|100%| O|  |TAMS 0x000000008bb00000, 0x000000008bb00000| Untracked 
| 187|0x000000008bb00000, 0x000000008bc00000, 0x000000008bc00000|100%| O|  |TAMS 0x000000008bc00000, 0x000000008bc00000| Untracked 
| 188|0x000000008bc00000, 0x000000008bd00000, 0x000000008bd00000|100%| O|  |TAMS 0x000000008bd00000, 0x000000008bd00000| Untracked 
| 189|0x000000008bd00000, 0x000000008be00000, 0x000000008be00000|100%| O|  |TAMS 0x000000008be00000, 0x000000008be00000| Untracked 
| 190|0x000000008be00000, 0x000000008bf00000, 0x000000008bf00000|100%| O|  |TAMS 0x000000008bf00000, 0x000000008bf00000| Untracked 
| 191|0x000000008bf00000, 0x000000008c000000, 0x000000008c000000|100%| O|  |TAMS 0x000000008c000000, 0x000000008c000000| Untracked 
| 192|0x000000008c000000, 0x000000008c100000, 0x000000008c100000|100%| O|  |TAMS 0x000000008c100000, 0x000000008c100000| Untracked 
| 193|0x000000008c100000, 0x000000008c200000, 0x000000008c200000|100%| O|  |TAMS 0x000000008c200000, 0x000000008c200000| Untracked 
| 194|0x000000008c200000, 0x000000008c200000, 0x000000008c300000|  0%| F|  |TAMS 0x000000008c200000, 0x000000008c200000| Untracked 
| 195|0x000000008c300000, 0x000000008c400000, 0x000000008c400000|100%| O|  |TAMS 0x000000008c31ec00, 0x000000008c400000| Untracked 
| 196|0x000000008c400000, 0x000000008c400000, 0x000000008c500000|  0%| F|  |TAMS 0x000000008c400000, 0x000000008c400000| Untracked 
| 197|0x000000008c500000, 0x000000008c500000, 0x000000008c600000|  0%| F|  |TAMS 0x000000008c500000, 0x000000008c500000| Untracked 
| 198|0x000000008c600000, 0x000000008c600000, 0x000000008c700000|  0%| F|  |TAMS 0x000000008c600000, 0x000000008c600000| Untracked 
| 199|0x000000008c700000, 0x000000008c700000, 0x000000008c800000|  0%| F|  |TAMS 0x000000008c700000, 0x000000008c700000| Untracked 
| 200|0x000000008c800000, 0x000000008c800000, 0x000000008c900000|  0%| F|  |TAMS 0x000000008c800000, 0x000000008c800000| Untracked 
| 201|0x000000008c900000, 0x000000008c900000, 0x000000008ca00000|  0%| F|  |TAMS 0x000000008c900000, 0x000000008c900000| Untracked 
| 202|0x000000008ca00000, 0x000000008ca00000, 0x000000008cb00000|  0%| F|  |TAMS 0x000000008ca00000, 0x000000008ca00000| Untracked 
| 203|0x000000008cb00000, 0x000000008cb00000, 0x000000008cc00000|  0%| F|  |TAMS 0x000000008cb00000, 0x000000008cb00000| Untracked 
| 204|0x000000008cc00000, 0x000000008cc00000, 0x000000008cd00000|  0%| F|  |TAMS 0x000000008cc00000, 0x000000008cc00000| Untracked 
| 205|0x000000008cd00000, 0x000000008cd00000, 0x000000008ce00000|  0%| F|  |TAMS 0x000000008cd00000, 0x000000008cd00000| Untracked 
| 206|0x000000008ce00000, 0x000000008ce00000, 0x000000008cf00000|  0%| F|  |TAMS 0x000000008ce00000, 0x000000008ce00000| Untracked 
| 207|0x000000008cf00000, 0x000000008cf00000, 0x000000008d000000|  0%| F|  |TAMS 0x000000008cf00000, 0x000000008cf00000| Untracked 
| 208|0x000000008d000000, 0x000000008d000000, 0x000000008d100000|  0%| F|  |TAMS 0x000000008d000000, 0x000000008d000000| Untracked 
| 209|0x000000008d100000, 0x000000008d100000, 0x000000008d200000|  0%| F|  |TAMS 0x000000008d100000, 0x000000008d100000| Untracked 
| 210|0x000000008d200000, 0x000000008d200000, 0x000000008d300000|  0%| F|  |TAMS 0x000000008d200000, 0x000000008d200000| Untracked 
| 211|0x000000008d300000, 0x000000008d300000, 0x000000008d400000|  0%| F|  |TAMS 0x000000008d300000, 0x000000008d300000| Untracked 
| 212|0x000000008d400000, 0x000000008d400000, 0x000000008d500000|  0%| F|  |TAMS 0x000000008d400000, 0x000000008d400000| Untracked 
| 213|0x000000008d500000, 0x000000008d500000, 0x000000008d600000|  0%| F|  |TAMS 0x000000008d500000, 0x000000008d500000| Untracked 
| 214|0x000000008d600000, 0x000000008d600000, 0x000000008d700000|  0%| F|  |TAMS 0x000000008d600000, 0x000000008d600000| Untracked 
| 215|0x000000008d700000, 0x000000008d700000, 0x000000008d800000|  0%| F|  |TAMS 0x000000008d700000, 0x000000008d700000| Untracked 
| 216|0x000000008d800000, 0x000000008d800000, 0x000000008d900000|  0%| F|  |TAMS 0x000000008d800000, 0x000000008d800000| Untracked 
| 217|0x000000008d900000, 0x000000008d900000, 0x000000008da00000|  0%| F|  |TAMS 0x000000008d900000, 0x000000008d900000| Untracked 
| 218|0x000000008da00000, 0x000000008da00000, 0x000000008db00000|  0%| F|  |TAMS 0x000000008da00000, 0x000000008da00000| Untracked 
| 219|0x000000008db00000, 0x000000008db00000, 0x000000008dc00000|  0%| F|  |TAMS 0x000000008db00000, 0x000000008db00000| Untracked 
| 220|0x000000008dc00000, 0x000000008dc00000, 0x000000008dd00000|  0%| F|  |TAMS 0x000000008dc00000, 0x000000008dc00000| Untracked 
| 221|0x000000008dd00000, 0x000000008dd00000, 0x000000008de00000|  0%| F|  |TAMS 0x000000008dd00000, 0x000000008dd00000| Untracked 
| 222|0x000000008de00000, 0x000000008de00000, 0x000000008df00000|  0%| F|  |TAMS 0x000000008de00000, 0x000000008de00000| Untracked 
| 223|0x000000008df00000, 0x000000008df00000, 0x000000008e000000|  0%| F|  |TAMS 0x000000008df00000, 0x000000008df00000| Untracked 
| 224|0x000000008e000000, 0x000000008e000000, 0x000000008e100000|  0%| F|  |TAMS 0x000000008e000000, 0x000000008e000000| Untracked 
| 225|0x000000008e100000, 0x000000008e100000, 0x000000008e200000|  0%| F|  |TAMS 0x000000008e100000, 0x000000008e100000| Untracked 
| 226|0x000000008e200000, 0x000000008e200000, 0x000000008e300000|  0%| F|  |TAMS 0x000000008e200000, 0x000000008e200000| Untracked 
| 227|0x000000008e300000, 0x000000008e300000, 0x000000008e400000|  0%| F|  |TAMS 0x000000008e300000, 0x000000008e300000| Untracked 
| 228|0x000000008e400000, 0x000000008e400000, 0x000000008e500000|  0%| F|  |TAMS 0x000000008e400000, 0x000000008e400000| Untracked 
| 229|0x000000008e500000, 0x000000008e500000, 0x000000008e600000|  0%| F|  |TAMS 0x000000008e500000, 0x000000008e500000| Untracked 
| 230|0x000000008e600000, 0x000000008e600000, 0x000000008e700000|  0%| F|  |TAMS 0x000000008e600000, 0x000000008e600000| Untracked 
| 231|0x000000008e700000, 0x000000008e700000, 0x000000008e800000|  0%| F|  |TAMS 0x000000008e700000, 0x000000008e700000| Untracked 
| 232|0x000000008e800000, 0x000000008e800000, 0x000000008e900000|  0%| F|  |TAMS 0x000000008e800000, 0x000000008e800000| Untracked 
| 233|0x000000008e900000, 0x000000008e900000, 0x000000008ea00000|  0%| F|  |TAMS 0x000000008e900000, 0x000000008e900000| Untracked 
| 234|0x000000008ea00000, 0x000000008ea00000, 0x000000008eb00000|  0%| F|  |TAMS 0x000000008ea00000, 0x000000008ea00000| Untracked 
| 235|0x000000008eb00000, 0x000000008eb00000, 0x000000008ec00000|  0%| F|  |TAMS 0x000000008eb00000, 0x000000008eb00000| Untracked 
| 236|0x000000008ec00000, 0x000000008ec00000, 0x000000008ed00000|  0%| F|  |TAMS 0x000000008ec00000, 0x000000008ec00000| Untracked 
| 237|0x000000008ed00000, 0x000000008ed00000, 0x000000008ee00000|  0%| F|  |TAMS 0x000000008ed00000, 0x000000008ed00000| Untracked 
| 238|0x000000008ee00000, 0x000000008ee00000, 0x000000008ef00000|  0%| F|  |TAMS 0x000000008ee00000, 0x000000008ee00000| Untracked 
| 239|0x000000008ef00000, 0x000000008ef00000, 0x000000008f000000|  0%| F|  |TAMS 0x000000008ef00000, 0x000000008ef00000| Untracked 
| 240|0x000000008f000000, 0x000000008f000000, 0x000000008f100000|  0%| F|  |TAMS 0x000000008f000000, 0x000000008f000000| Untracked 
| 241|0x000000008f100000, 0x000000008f100000, 0x000000008f200000|  0%| F|  |TAMS 0x000000008f100000, 0x000000008f100000| Untracked 
| 242|0x000000008f200000, 0x000000008f200000, 0x000000008f300000|  0%| F|  |TAMS 0x000000008f200000, 0x000000008f200000| Untracked 
| 243|0x000000008f300000, 0x000000008f300000, 0x000000008f400000|  0%| F|  |TAMS 0x000000008f300000, 0x000000008f300000| Untracked 
| 244|0x000000008f400000, 0x000000008f400000, 0x000000008f500000|  0%| F|  |TAMS 0x000000008f400000, 0x000000008f400000| Untracked 
| 245|0x000000008f500000, 0x000000008f500000, 0x000000008f600000|  0%| F|  |TAMS 0x000000008f500000, 0x000000008f500000| Untracked 
| 246|0x000000008f600000, 0x000000008f600000, 0x000000008f700000|  0%| F|  |TAMS 0x000000008f600000, 0x000000008f600000| Untracked 
| 247|0x000000008f700000, 0x000000008f700000, 0x000000008f800000|  0%| F|  |TAMS 0x000000008f700000, 0x000000008f700000| Untracked 
| 248|0x000000008f800000, 0x000000008f800000, 0x000000008f900000|  0%| F|  |TAMS 0x000000008f800000, 0x000000008f800000| Untracked 
| 249|0x000000008f900000, 0x000000008f900000, 0x000000008fa00000|  0%| F|  |TAMS 0x000000008f900000, 0x000000008f900000| Untracked 
| 250|0x000000008fa00000, 0x000000008fa00000, 0x000000008fb00000|  0%| F|  |TAMS 0x000000008fa00000, 0x000000008fa00000| Untracked 
| 251|0x000000008fb00000, 0x000000008fb00000, 0x000000008fc00000|  0%| F|  |TAMS 0x000000008fb00000, 0x000000008fb00000| Untracked 
| 252|0x000000008fc00000, 0x000000008fc00000, 0x000000008fd00000|  0%| F|  |TAMS 0x000000008fc00000, 0x000000008fc00000| Untracked 
| 253|0x000000008fd00000, 0x000000008fd00000, 0x000000008fe00000|  0%| F|  |TAMS 0x000000008fd00000, 0x000000008fd00000| Untracked 
| 254|0x000000008fe00000, 0x000000008fe00000, 0x000000008ff00000|  0%| F|  |TAMS 0x000000008fe00000, 0x000000008fe00000| Untracked 
| 255|0x000000008ff00000, 0x000000008ff00000, 0x0000000090000000|  0%| F|  |TAMS 0x000000008ff00000, 0x000000008ff00000| Untracked 
| 256|0x0000000090000000, 0x0000000090000000, 0x0000000090100000|  0%| F|  |TAMS 0x0000000090000000, 0x0000000090000000| Untracked 
| 257|0x0000000090100000, 0x0000000090100000, 0x0000000090200000|  0%| F|  |TAMS 0x0000000090100000, 0x0000000090100000| Untracked 
| 258|0x0000000090200000, 0x0000000090200000, 0x0000000090300000|  0%| F|  |TAMS 0x0000000090200000, 0x0000000090200000| Untracked 
| 259|0x0000000090300000, 0x0000000090300000, 0x0000000090400000|  0%| F|  |TAMS 0x0000000090300000, 0x0000000090300000| Untracked 
| 260|0x0000000090400000, 0x0000000090400000, 0x0000000090500000|  0%| F|  |TAMS 0x0000000090400000, 0x0000000090400000| Untracked 
| 261|0x0000000090500000, 0x0000000090500000, 0x0000000090600000|  0%| F|  |TAMS 0x0000000090500000, 0x0000000090500000| Untracked 
| 262|0x0000000090600000, 0x0000000090600000, 0x0000000090700000|  0%| F|  |TAMS 0x0000000090600000, 0x0000000090600000| Untracked 
| 263|0x0000000090700000, 0x0000000090700000, 0x0000000090800000|  0%| F|  |TAMS 0x0000000090700000, 0x0000000090700000| Untracked 
| 264|0x0000000090800000, 0x0000000090800000, 0x0000000090900000|  0%| F|  |TAMS 0x0000000090800000, 0x0000000090800000| Untracked 
| 265|0x0000000090900000, 0x0000000090900000, 0x0000000090a00000|  0%| F|  |TAMS 0x0000000090900000, 0x0000000090900000| Untracked 
| 266|0x0000000090a00000, 0x0000000090a00000, 0x0000000090b00000|  0%| F|  |TAMS 0x0000000090a00000, 0x0000000090a00000| Untracked 
| 267|0x0000000090b00000, 0x0000000090b00000, 0x0000000090c00000|  0%| F|  |TAMS 0x0000000090b00000, 0x0000000090b00000| Untracked 
| 268|0x0000000090c00000, 0x0000000090c00000, 0x0000000090d00000|  0%| F|  |TAMS 0x0000000090c00000, 0x0000000090c00000| Untracked 
| 269|0x0000000090d00000, 0x0000000090d00000, 0x0000000090e00000|  0%| F|  |TAMS 0x0000000090d00000, 0x0000000090d00000| Untracked 
| 270|0x0000000090e00000, 0x0000000090e00000, 0x0000000090f00000|  0%| F|  |TAMS 0x0000000090e00000, 0x0000000090e00000| Untracked 
| 271|0x0000000090f00000, 0x0000000090f00000, 0x0000000091000000|  0%| F|  |TAMS 0x0000000090f00000, 0x0000000090f00000| Untracked 
| 272|0x0000000091000000, 0x0000000091000000, 0x0000000091100000|  0%| F|  |TAMS 0x0000000091000000, 0x0000000091000000| Untracked 
| 273|0x0000000091100000, 0x0000000091100000, 0x0000000091200000|  0%| F|  |TAMS 0x0000000091100000, 0x0000000091100000| Untracked 
| 274|0x0000000091200000, 0x0000000091200000, 0x0000000091300000|  0%| F|  |TAMS 0x0000000091200000, 0x0000000091200000| Untracked 
| 275|0x0000000091300000, 0x0000000091300000, 0x0000000091400000|  0%| F|  |TAMS 0x0000000091300000, 0x0000000091300000| Untracked 
| 276|0x0000000091400000, 0x0000000091400000, 0x0000000091500000|  0%| F|  |TAMS 0x0000000091400000, 0x0000000091400000| Untracked 
| 277|0x0000000091500000, 0x0000000091500000, 0x0000000091600000|  0%| F|  |TAMS 0x0000000091500000, 0x0000000091500000| Untracked 
| 278|0x0000000091600000, 0x0000000091600000, 0x0000000091700000|  0%| F|  |TAMS 0x0000000091600000, 0x0000000091600000| Untracked 
| 279|0x0000000091700000, 0x0000000091700000, 0x0000000091800000|  0%| F|  |TAMS 0x0000000091700000, 0x0000000091700000| Untracked 
| 280|0x0000000091800000, 0x0000000091800000, 0x0000000091900000|  0%| F|  |TAMS 0x0000000091800000, 0x0000000091800000| Untracked 
| 281|0x0000000091900000, 0x0000000091900000, 0x0000000091a00000|  0%| F|  |TAMS 0x0000000091900000, 0x0000000091900000| Untracked 
| 282|0x0000000091a00000, 0x0000000091a00000, 0x0000000091b00000|  0%| F|  |TAMS 0x0000000091a00000, 0x0000000091a00000| Untracked 
| 283|0x0000000091b00000, 0x0000000091b00000, 0x0000000091c00000|  0%| F|  |TAMS 0x0000000091b00000, 0x0000000091b00000| Untracked 
| 284|0x0000000091c00000, 0x0000000091c00000, 0x0000000091d00000|  0%| F|  |TAMS 0x0000000091c00000, 0x0000000091c00000| Untracked 
| 285|0x0000000091d00000, 0x0000000091d00000, 0x0000000091e00000|  0%| F|  |TAMS 0x0000000091d00000, 0x0000000091d00000| Untracked 
| 286|0x0000000091e00000, 0x0000000091e00000, 0x0000000091f00000|  0%| F|  |TAMS 0x0000000091e00000, 0x0000000091e00000| Untracked 
| 287|0x0000000091f00000, 0x0000000091f00000, 0x0000000092000000|  0%| F|  |TAMS 0x0000000091f00000, 0x0000000091f00000| Untracked 
| 288|0x0000000092000000, 0x0000000092000000, 0x0000000092100000|  0%| F|  |TAMS 0x0000000092000000, 0x0000000092000000| Untracked 
| 289|0x0000000092100000, 0x0000000092100000, 0x0000000092200000|  0%| F|  |TAMS 0x0000000092100000, 0x0000000092100000| Untracked 
| 290|0x0000000092200000, 0x0000000092200000, 0x0000000092300000|  0%| F|  |TAMS 0x0000000092200000, 0x0000000092200000| Untracked 
| 291|0x0000000092300000, 0x0000000092300000, 0x0000000092400000|  0%| F|  |TAMS 0x0000000092300000, 0x0000000092300000| Untracked 
| 292|0x0000000092400000, 0x0000000092400000, 0x0000000092500000|  0%| F|  |TAMS 0x0000000092400000, 0x0000000092400000| Untracked 
| 293|0x0000000092500000, 0x0000000092500000, 0x0000000092600000|  0%| F|  |TAMS 0x0000000092500000, 0x0000000092500000| Untracked 
| 294|0x0000000092600000, 0x0000000092600000, 0x0000000092700000|  0%| F|  |TAMS 0x0000000092600000, 0x0000000092600000| Untracked 
| 295|0x0000000092700000, 0x0000000092700000, 0x0000000092800000|  0%| F|  |TAMS 0x0000000092700000, 0x0000000092700000| Untracked 
| 296|0x0000000092800000, 0x0000000092800000, 0x0000000092900000|  0%| F|  |TAMS 0x0000000092800000, 0x0000000092800000| Untracked 
| 297|0x0000000092900000, 0x0000000092900000, 0x0000000092a00000|  0%| F|  |TAMS 0x0000000092900000, 0x0000000092900000| Untracked 
| 298|0x0000000092a00000, 0x0000000092a00000, 0x0000000092b00000|  0%| F|  |TAMS 0x0000000092a00000, 0x0000000092a00000| Untracked 
| 299|0x0000000092b00000, 0x0000000092b00000, 0x0000000092c00000|  0%| F|  |TAMS 0x0000000092b00000, 0x0000000092b00000| Untracked 
| 300|0x0000000092c00000, 0x0000000092c00000, 0x0000000092d00000|  0%| F|  |TAMS 0x0000000092c00000, 0x0000000092c00000| Untracked 
| 301|0x0000000092d00000, 0x0000000092d00000, 0x0000000092e00000|  0%| F|  |TAMS 0x0000000092d00000, 0x0000000092d00000| Untracked 
| 302|0x0000000092e00000, 0x0000000092e00000, 0x0000000092f00000|  0%| F|  |TAMS 0x0000000092e00000, 0x0000000092e00000| Untracked 
| 303|0x0000000092f00000, 0x0000000092f00000, 0x0000000093000000|  0%| F|  |TAMS 0x0000000092f00000, 0x0000000092f00000| Untracked 
| 304|0x0000000093000000, 0x0000000093000000, 0x0000000093100000|  0%| F|  |TAMS 0x0000000093000000, 0x0000000093000000| Untracked 
| 305|0x0000000093100000, 0x0000000093100000, 0x0000000093200000|  0%| F|  |TAMS 0x0000000093100000, 0x0000000093100000| Untracked 
| 306|0x0000000093200000, 0x0000000093200000, 0x0000000093300000|  0%| F|  |TAMS 0x0000000093200000, 0x0000000093200000| Untracked 
| 307|0x0000000093300000, 0x0000000093300000, 0x0000000093400000|  0%| F|  |TAMS 0x0000000093300000, 0x0000000093300000| Untracked 
| 308|0x0000000093400000, 0x0000000093400000, 0x0000000093500000|  0%| F|  |TAMS 0x0000000093400000, 0x0000000093400000| Untracked 
| 309|0x0000000093500000, 0x0000000093500000, 0x0000000093600000|  0%| F|  |TAMS 0x0000000093500000, 0x0000000093500000| Untracked 
| 310|0x0000000093600000, 0x0000000093600000, 0x0000000093700000|  0%| F|  |TAMS 0x0000000093600000, 0x0000000093600000| Untracked 
| 311|0x0000000093700000, 0x0000000093700000, 0x0000000093800000|  0%| F|  |TAMS 0x0000000093700000, 0x0000000093700000| Untracked 
| 312|0x0000000093800000, 0x0000000093800000, 0x0000000093900000|  0%| F|  |TAMS 0x0000000093800000, 0x0000000093800000| Untracked 
| 313|0x0000000093900000, 0x0000000093900000, 0x0000000093a00000|  0%| F|  |TAMS 0x0000000093900000, 0x0000000093900000| Untracked 
| 314|0x0000000093a00000, 0x0000000093a00000, 0x0000000093b00000|  0%| F|  |TAMS 0x0000000093a00000, 0x0000000093a00000| Untracked 
| 315|0x0000000093b00000, 0x0000000093b00000, 0x0000000093c00000|  0%| F|  |TAMS 0x0000000093b00000, 0x0000000093b00000| Untracked 
| 316|0x0000000093c00000, 0x0000000093c00000, 0x0000000093d00000|  0%| F|  |TAMS 0x0000000093c00000, 0x0000000093c00000| Untracked 
| 317|0x0000000093d00000, 0x0000000093d00000, 0x0000000093e00000|  0%| F|  |TAMS 0x0000000093d00000, 0x0000000093d00000| Untracked 
| 318|0x0000000093e00000, 0x0000000093e00000, 0x0000000093f00000|  0%| F|  |TAMS 0x0000000093e00000, 0x0000000093e00000| Untracked 
| 319|0x0000000093f00000, 0x0000000093f00000, 0x0000000094000000|  0%| F|  |TAMS 0x0000000093f00000, 0x0000000093f00000| Untracked 
| 320|0x0000000094000000, 0x0000000094000000, 0x0000000094100000|  0%| F|  |TAMS 0x0000000094000000, 0x0000000094000000| Untracked 
| 321|0x0000000094100000, 0x0000000094100000, 0x0000000094200000|  0%| F|  |TAMS 0x0000000094100000, 0x0000000094100000| Untracked 
| 322|0x0000000094200000, 0x0000000094200000, 0x0000000094300000|  0%| F|  |TAMS 0x0000000094200000, 0x0000000094200000| Untracked 
| 323|0x0000000094300000, 0x0000000094300000, 0x0000000094400000|  0%| F|  |TAMS 0x0000000094300000, 0x0000000094300000| Untracked 
| 324|0x0000000094400000, 0x0000000094400000, 0x0000000094500000|  0%| F|  |TAMS 0x0000000094400000, 0x0000000094400000| Untracked 
| 325|0x0000000094500000, 0x0000000094500000, 0x0000000094600000|  0%| F|  |TAMS 0x0000000094500000, 0x0000000094500000| Untracked 
| 326|0x0000000094600000, 0x0000000094600000, 0x0000000094700000|  0%| F|  |TAMS 0x0000000094600000, 0x0000000094600000| Untracked 
| 327|0x0000000094700000, 0x0000000094700000, 0x0000000094800000|  0%| F|  |TAMS 0x0000000094700000, 0x0000000094700000| Untracked 
| 328|0x0000000094800000, 0x0000000094800000, 0x0000000094900000|  0%| F|  |TAMS 0x0000000094800000, 0x0000000094800000| Untracked 
| 329|0x0000000094900000, 0x0000000094900000, 0x0000000094a00000|  0%| F|  |TAMS 0x0000000094900000, 0x0000000094900000| Untracked 
| 330|0x0000000094a00000, 0x0000000094a00000, 0x0000000094b00000|  0%| F|  |TAMS 0x0000000094a00000, 0x0000000094a00000| Untracked 
| 331|0x0000000094b00000, 0x0000000094b00000, 0x0000000094c00000|  0%| F|  |TAMS 0x0000000094b00000, 0x0000000094b00000| Untracked 
| 332|0x0000000094c00000, 0x0000000094c00000, 0x0000000094d00000|  0%| F|  |TAMS 0x0000000094c00000, 0x0000000094c00000| Untracked 
| 333|0x0000000094d00000, 0x0000000094d00000, 0x0000000094e00000|  0%| F|  |TAMS 0x0000000094d00000, 0x0000000094d00000| Untracked 
| 334|0x0000000094e00000, 0x0000000094e00000, 0x0000000094f00000|  0%| F|  |TAMS 0x0000000094e00000, 0x0000000094e00000| Untracked 
| 335|0x0000000094f00000, 0x0000000094f00000, 0x0000000095000000|  0%| F|  |TAMS 0x0000000094f00000, 0x0000000094f00000| Untracked 
| 336|0x0000000095000000, 0x0000000095000000, 0x0000000095100000|  0%| F|  |TAMS 0x0000000095000000, 0x0000000095000000| Untracked 
| 337|0x0000000095100000, 0x0000000095100000, 0x0000000095200000|  0%| F|  |TAMS 0x0000000095100000, 0x0000000095100000| Untracked 
| 338|0x0000000095200000, 0x0000000095200000, 0x0000000095300000|  0%| F|  |TAMS 0x0000000095200000, 0x0000000095200000| Untracked 
| 339|0x0000000095300000, 0x0000000095300000, 0x0000000095400000|  0%| F|  |TAMS 0x0000000095300000, 0x0000000095300000| Untracked 
| 340|0x0000000095400000, 0x0000000095400000, 0x0000000095500000|  0%| F|  |TAMS 0x0000000095400000, 0x0000000095400000| Untracked 
| 341|0x0000000095500000, 0x0000000095500000, 0x0000000095600000|  0%| F|  |TAMS 0x0000000095500000, 0x0000000095500000| Untracked 
| 342|0x0000000095600000, 0x0000000095600000, 0x0000000095700000|  0%| F|  |TAMS 0x0000000095600000, 0x0000000095600000| Untracked 
| 343|0x0000000095700000, 0x0000000095700000, 0x0000000095800000|  0%| F|  |TAMS 0x0000000095700000, 0x0000000095700000| Untracked 
| 344|0x0000000095800000, 0x0000000095800000, 0x0000000095900000|  0%| F|  |TAMS 0x0000000095800000, 0x0000000095800000| Untracked 
| 345|0x0000000095900000, 0x0000000095900000, 0x0000000095a00000|  0%| F|  |TAMS 0x0000000095900000, 0x0000000095900000| Untracked 
| 346|0x0000000095a00000, 0x0000000095a00000, 0x0000000095b00000|  0%| F|  |TAMS 0x0000000095a00000, 0x0000000095a00000| Untracked 
| 347|0x0000000095b00000, 0x0000000095b00000, 0x0000000095c00000|  0%| F|  |TAMS 0x0000000095b00000, 0x0000000095b00000| Untracked 
| 348|0x0000000095c00000, 0x0000000095c00000, 0x0000000095d00000|  0%| F|  |TAMS 0x0000000095c00000, 0x0000000095c00000| Untracked 
| 349|0x0000000095d00000, 0x0000000095d00000, 0x0000000095e00000|  0%| F|  |TAMS 0x0000000095d00000, 0x0000000095d00000| Untracked 
| 350|0x0000000095e00000, 0x0000000095e00000, 0x0000000095f00000|  0%| F|  |TAMS 0x0000000095e00000, 0x0000000095e00000| Untracked 
| 351|0x0000000095f00000, 0x0000000095f00000, 0x0000000096000000|  0%| F|  |TAMS 0x0000000095f00000, 0x0000000095f00000| Untracked 
| 352|0x0000000096000000, 0x0000000096000000, 0x0000000096100000|  0%| F|  |TAMS 0x0000000096000000, 0x0000000096000000| Untracked 
| 353|0x0000000096100000, 0x0000000096100000, 0x0000000096200000|  0%| F|  |TAMS 0x0000000096100000, 0x0000000096100000| Untracked 
| 354|0x0000000096200000, 0x0000000096200000, 0x0000000096300000|  0%| F|  |TAMS 0x0000000096200000, 0x0000000096200000| Untracked 
| 355|0x0000000096300000, 0x0000000096300000, 0x0000000096400000|  0%| F|  |TAMS 0x0000000096300000, 0x0000000096300000| Untracked 
| 356|0x0000000096400000, 0x0000000096400000, 0x0000000096500000|  0%| F|  |TAMS 0x0000000096400000, 0x0000000096400000| Untracked 
| 357|0x0000000096500000, 0x0000000096500000, 0x0000000096600000|  0%| F|  |TAMS 0x0000000096500000, 0x0000000096500000| Untracked 
| 358|0x0000000096600000, 0x0000000096600000, 0x0000000096700000|  0%| F|  |TAMS 0x0000000096600000, 0x0000000096600000| Untracked 
| 359|0x0000000096700000, 0x0000000096700000, 0x0000000096800000|  0%| F|  |TAMS 0x0000000096700000, 0x0000000096700000| Untracked 
| 360|0x0000000096800000, 0x0000000096800000, 0x0000000096900000|  0%| F|  |TAMS 0x0000000096800000, 0x0000000096800000| Untracked 
| 361|0x0000000096900000, 0x0000000096900000, 0x0000000096a00000|  0%| F|  |TAMS 0x0000000096900000, 0x0000000096900000| Untracked 
| 362|0x0000000096a00000, 0x0000000096a00000, 0x0000000096b00000|  0%| F|  |TAMS 0x0000000096a00000, 0x0000000096a00000| Untracked 
| 363|0x0000000096b00000, 0x0000000096b00000, 0x0000000096c00000|  0%| F|  |TAMS 0x0000000096b00000, 0x0000000096b00000| Untracked 
| 364|0x0000000096c00000, 0x0000000096c00000, 0x0000000096d00000|  0%| F|  |TAMS 0x0000000096c00000, 0x0000000096c00000| Untracked 
| 365|0x0000000096d00000, 0x0000000096d00000, 0x0000000096e00000|  0%| F|  |TAMS 0x0000000096d00000, 0x0000000096d00000| Untracked 
| 366|0x0000000096e00000, 0x0000000096e00000, 0x0000000096f00000|  0%| F|  |TAMS 0x0000000096e00000, 0x0000000096e00000| Untracked 
| 367|0x0000000096f00000, 0x0000000096f00000, 0x0000000097000000|  0%| F|  |TAMS 0x0000000096f00000, 0x0000000096f00000| Untracked 
| 368|0x0000000097000000, 0x0000000097000000, 0x0000000097100000|  0%| F|  |TAMS 0x0000000097000000, 0x0000000097000000| Untracked 
| 369|0x0000000097100000, 0x0000000097100000, 0x0000000097200000|  0%| F|  |TAMS 0x0000000097100000, 0x0000000097100000| Untracked 
| 370|0x0000000097200000, 0x0000000097200000, 0x0000000097300000|  0%| F|  |TAMS 0x0000000097200000, 0x0000000097200000| Untracked 
| 371|0x0000000097300000, 0x0000000097300000, 0x0000000097400000|  0%| F|  |TAMS 0x0000000097300000, 0x0000000097300000| Untracked 
| 372|0x0000000097400000, 0x0000000097400000, 0x0000000097500000|  0%| F|  |TAMS 0x0000000097400000, 0x0000000097400000| Untracked 
| 373|0x0000000097500000, 0x0000000097500000, 0x0000000097600000|  0%| F|  |TAMS 0x0000000097500000, 0x0000000097500000| Untracked 
| 374|0x0000000097600000, 0x00000000976a6428, 0x0000000097700000| 64%| S|CS|TAMS 0x0000000097600000, 0x0000000097600000| Complete 
| 375|0x0000000097700000, 0x0000000097800000, 0x0000000097800000|100%| S|CS|TAMS 0x0000000097700000, 0x0000000097700000| Complete 
| 376|0x0000000097800000, 0x0000000097900000, 0x0000000097900000|100%| S|CS|TAMS 0x0000000097800000, 0x0000000097800000| Complete 
| 377|0x0000000097900000, 0x0000000097900000, 0x0000000097a00000|  0%| F|  |TAMS 0x0000000097900000, 0x0000000097900000| Untracked 
| 378|0x0000000097a00000, 0x0000000097a00000, 0x0000000097b00000|  0%| F|  |TAMS 0x0000000097a00000, 0x0000000097a00000| Untracked 
| 379|0x0000000097b00000, 0x0000000097b00000, 0x0000000097c00000|  0%| F|  |TAMS 0x0000000097b00000, 0x0000000097b00000| Untracked 
| 380|0x0000000097c00000, 0x0000000097c00000, 0x0000000097d00000|  0%| F|  |TAMS 0x0000000097c00000, 0x0000000097c00000| Untracked 
| 381|0x0000000097d00000, 0x0000000097d00000, 0x0000000097e00000|  0%| F|  |TAMS 0x0000000097d00000, 0x0000000097d00000| Untracked 
| 382|0x0000000097e00000, 0x0000000097e00000, 0x0000000097f00000|  0%| F|  |TAMS 0x0000000097e00000, 0x0000000097e00000| Untracked 
| 383|0x0000000097f00000, 0x0000000097f00000, 0x0000000098000000|  0%| F|  |TAMS 0x0000000097f00000, 0x0000000097f00000| Untracked 
| 384|0x0000000098000000, 0x0000000098000000, 0x0000000098100000|  0%| F|  |TAMS 0x0000000098000000, 0x0000000098000000| Untracked 
| 385|0x0000000098100000, 0x0000000098100000, 0x0000000098200000|  0%| F|  |TAMS 0x0000000098100000, 0x0000000098100000| Untracked 
| 386|0x0000000098200000, 0x0000000098200000, 0x0000000098300000|  0%| F|  |TAMS 0x0000000098200000, 0x0000000098200000| Untracked 
| 387|0x0000000098300000, 0x0000000098300000, 0x0000000098400000|  0%| F|  |TAMS 0x0000000098300000, 0x0000000098300000| Untracked 
| 388|0x0000000098400000, 0x0000000098400000, 0x0000000098500000|  0%| F|  |TAMS 0x0000000098400000, 0x0000000098400000| Untracked 
| 389|0x0000000098500000, 0x0000000098500000, 0x0000000098600000|  0%| F|  |TAMS 0x0000000098500000, 0x0000000098500000| Untracked 
| 390|0x0000000098600000, 0x0000000098600000, 0x0000000098700000|  0%| F|  |TAMS 0x0000000098600000, 0x0000000098600000| Untracked 
| 391|0x0000000098700000, 0x0000000098700000, 0x0000000098800000|  0%| F|  |TAMS 0x0000000098700000, 0x0000000098700000| Untracked 
| 392|0x0000000098800000, 0x0000000098800000, 0x0000000098900000|  0%| F|  |TAMS 0x0000000098800000, 0x0000000098800000| Untracked 

Card table byte_map: [0x000001f09b1b0000,0x000001f09b5b0000] _byte_map_base: 0x000001f09adb0000

Marking Bits (Prev, Next): (CMBitMap*) 0x000001f0882fa590, (CMBitMap*) 0x000001f0882fa558
 Prev Bits: [0x000001f09d9b0000, 0x000001f09f9b0000)
 Next Bits: [0x000001f09b9b0000, 0x000001f09d9b0000)

Polling page: 0x000001f087aa0000

Metaspace:

Usage:
  Non-class:    146.52 MB capacity,   143.00 MB ( 98%) used,     2.89 MB (  2%) free+waste,   638.50 KB ( <1%) overhead. 
      Class:     22.35 MB capacity,    20.31 MB ( 91%) used,     1.77 MB (  8%) free+waste,   281.88 KB (  1%) overhead. 
       Both:    168.87 MB capacity,   163.31 MB ( 97%) used,     4.66 MB (  3%) free+waste,   920.38 KB ( <1%) overhead. 

Virtual space:
  Non-class space:      148.00 MB reserved,     146.75 MB (>99%) committed 
      Class space:        1.00 GB reserved,      22.45 MB (  2%) committed 
             Both:        1.14 GB reserved,     169.20 MB ( 14%) committed 

Chunk freelists:
   Non-Class:  46.00 KB
       Class:  90.00 KB
        Both:  136.00 KB

MaxMetaspaceSize: 17179869184.00 GB
CompressedClassSpaceSize: 1.00 GB

CodeHeap 'non-profiled nmethods': size=120064Kb used=20297Kb max_used=20297Kb free=99766Kb
 bounds [0x000001f093870000, 0x000001f094c60000, 0x000001f09adb0000]
CodeHeap 'profiled nmethods': size=120000Kb used=61048Kb max_used=61048Kb free=58951Kb
 bounds [0x000001f08c340000, 0x000001f08ff30000, 0x000001f093870000]
CodeHeap 'non-nmethods': size=5696Kb used=2434Kb max_used=2503Kb free=3262Kb
 bounds [0x000001f08bdb0000, 0x000001f08c030000, 0x000001f08c340000]
 total_blobs=26939 nmethods=25858 adapters=989
 compilation: enabled
              stopped_count=0, restarted_count=0
 full_count=0

Compilation events (20 events):
Event: 2880.170 Thread 0x000001f0a1ece800 nmethod 33357 0x000001f08eae0210 code [0x000001f08eae03c0, 0x000001f08eae04e8]
Event: 2880.232 Thread 0x000001f0a1ece800 33359       2       java.nio.file.spi.FileSystemProvider::newOutputStream (129 bytes)
Event: 2880.232 Thread 0x000001f0a1ecd800 nmethod 33236 0x000001f094c4af10 code [0x000001f094c4b3e0, 0x000001f094c4fd68]
Event: 2880.233 Thread 0x000001f0a1ecd800 33242       4       com.sun.tools.javac.util.UnsharedNameTable::fromUtf (232 bytes)
Event: 2880.243 Thread 0x000001f0a1ece800 nmethod 33359 0x000001f08f768510 code [0x000001f08f768740, 0x000001f08f768e48]
Event: 2880.243 Thread 0x000001f0a1ece800 33362   !   2       com.sun.tools.javac.code.Types$MembersClosureCache::visitClassType (216 bytes)
Event: 2880.246 Thread 0x000001f0a1ece800 nmethod 33362 0x000001f08f76cc90 code [0x000001f08f76cfa0, 0x000001f08f76ddd8]
Event: 2880.246 Thread 0x000001f0a1ece800 33360       3       com.sun.tools.javac.parser.JavacParser$SimpleEndPosTable::replaceTree (24 bytes)
Event: 2880.247 Thread 0x000001f0a1ece800 nmethod 33360 0x000001f08f76c410 code [0x000001f08f76c620, 0x000001f08f76ca58]
Event: 2880.247 Thread 0x000001f0a1ece800 33361       3       com.sun.tools.javac.util.IntHashTable::remove (42 bytes)
Event: 2880.248 Thread 0x000001f0a1ece800 nmethod 33361 0x000001f08f76bb10 code [0x000001f08f76bd20, 0x000001f08f76c1d8]
Event: 2880.250 Thread 0x000001f0a1ece800 33363       3       com.sun.tools.javac.code.Types::subst (15 bytes)
Event: 2880.250 Thread 0x000001f0a1ece800 nmethod 33363 0x000001f08f767f90 code [0x000001f08f768160, 0x000001f08f7683b8]
Event: 2880.252 Thread 0x000001f0a1ece800 33364       3       com.sun.tools.javac.code.Types::erasure (13 bytes)
Event: 2880.253 Thread 0x000001f0a1ece800 nmethod 33364 0x000001f08ff20790 code [0x000001f08ff209a0, 0x000001f08ff21068]
Event: 2880.253 Thread 0x000001f0a1ece800 33365       3       com.sun.tools.javac.code.Types::returnTypeSubstitutable (98 bytes)
Event: 2880.255 Thread 0x000001f0a1ece800 nmethod 33365 0x000001f08ff21310 code [0x000001f08ff216a0, 0x000001f08ff22f48]
Event: 2880.255 Thread 0x000001f0a1ece800 33366       3       com.sun.tools.javac.comp.Check::isDeprecatedOverrideIgnorable (119 bytes)
Event: 2880.256 Thread 0x000001f0a1ece800 nmethod 33366 0x000001f08ff23690 code [0x000001f08ff23940, 0x000001f08ff24888]
Event: 2880.256 Thread 0x000001f0a1ece800 33367   !   3       com.sun.tools.javac.comp.Check::checkOverride (829 bytes)

GC Heap History (20 events):
Event: 2852.232 GC heap after
{Heap after GC invocations=224 (full 0):
 garbage-first heap   total 402432K, used 190201K [0x0000000080000000, 0x0000000100000000)
  region size 1024K, 3 young (3072K), 3 survivors (3072K)
 Metaspace       used 155473K, capacity 160322K, committed 162764K, reserved 1189888K
  class space    used 19267K, capacity 21078K, committed 22988K, reserved 1048576K
}
Event: 2853.271 GC heap before
{Heap before GC invocations=225 (full 0):
 garbage-first heap   total 402432K, used 208633K [0x0000000080000000, 0x0000000100000000)
  region size 1024K, 19 young (19456K), 3 survivors (3072K)
 Metaspace       used 157826K, capacity 162675K, committed 164300K, reserved 1189888K
  class space    used 19560K, capacity 21372K, committed 22988K, reserved 1048576K
}
Event: 2853.295 GC heap after
{Heap after GC invocations=226 (full 0):
 garbage-first heap   total 402432K, used 195239K [0x0000000080000000, 0x0000000100000000)
  region size 1024K, 3 young (3072K), 3 survivors (3072K)
 Metaspace       used 157826K, capacity 162675K, committed 164300K, reserved 1189888K
  class space    used 19560K, capacity 21372K, committed 22988K, reserved 1048576K
}
Event: 2854.026 GC heap before
{Heap before GC invocations=226 (full 0):
 garbage-first heap   total 402432K, used 211623K [0x0000000080000000, 0x0000000100000000)
  region size 1024K, 19 young (19456K), 3 survivors (3072K)
 Metaspace       used 159875K, capacity 164859K, committed 166348K, reserved 1191936K
  class space    used 19723K, capacity 21589K, committed 22988K, reserved 1048576K
}
Event: 2854.162 GC heap after
{Heap after GC invocations=227 (full 0):
 garbage-first heap   total 402432K, used 192419K [0x0000000080000000, 0x0000000100000000)
  region size 1024K, 1 young (1024K), 1 survivors (1024K)
 Metaspace       used 159875K, capacity 164859K, committed 166348K, reserved 1191936K
  class space    used 19723K, capacity 21589K, committed 22988K, reserved 1048576K
}
Event: 2854.734 GC heap before
{Heap before GC invocations=227 (full 0):
 garbage-first heap   total 402432K, used 210851K [0x0000000080000000, 0x0000000100000000)
  region size 1024K, 19 young (19456K), 1 survivors (1024K)
 Metaspace       used 162555K, capacity 167565K, committed 168652K, reserved 1196032K
  class space    used 20080K, capacity 21958K, committed 22988K, reserved 1048576K
}
Event: 2854.773 GC heap after
{Heap after GC invocations=228 (full 0):
 garbage-first heap   total 402432K, used 192881K [0x0000000080000000, 0x0000000100000000)
  region size 1024K, 2 young (2048K), 2 survivors (2048K)
 Metaspace       used 162555K, capacity 167565K, committed 168652K, reserved 1196032K
  class space    used 20080K, capacity 21958K, committed 22988K, reserved 1048576K
}
Event: 2855.785 GC heap before
{Heap before GC invocations=228 (full 0):
 garbage-first heap   total 402432K, used 209265K [0x0000000080000000, 0x0000000100000000)
  region size 1024K, 19 young (19456K), 2 survivors (2048K)
 Metaspace       used 163870K, capacity 169038K, committed 169932K, reserved 1196032K
  class space    used 20270K, capacity 22197K, committed 22988K, reserved 1048576K
}
Event: 2855.796 GC heap after
{Heap after GC invocations=229 (full 0):
 garbage-first heap   total 402432K, used 193769K [0x0000000080000000, 0x0000000100000000)
  region size 1024K, 3 young (3072K), 3 survivors (3072K)
 Metaspace       used 163870K, capacity 169038K, committed 169932K, reserved 1196032K
  class space    used 20270K, capacity 22197K, committed 22988K, reserved 1048576K
}
Event: 2856.643 GC heap before
{Heap before GC invocations=229 (full 0):
 garbage-first heap   total 402432K, used 210153K [0x0000000080000000, 0x0000000100000000)
  region size 1024K, 20 young (20480K), 3 survivors (3072K)
 Metaspace       used 165546K, capacity 170931K, committed 171468K, reserved 1198080K
  class space    used 20527K, capacity 22529K, committed 22988K, reserved 1048576K
}
Event: 2856.669 GC heap after
{Heap after GC invocations=230 (full 0):
 garbage-first heap   total 402432K, used 194911K [0x0000000080000000, 0x0000000100000000)
  region size 1024K, 3 young (3072K), 3 survivors (3072K)
 Metaspace       used 165546K, capacity 170931K, committed 171468K, reserved 1198080K
  class space    used 20527K, capacity 22529K, committed 22988K, reserved 1048576K
}
Event: 2857.135 GC heap before
{Heap before GC invocations=230 (full 0):
 garbage-first heap   total 402432K, used 214367K [0x0000000080000000, 0x0000000100000000)
  region size 1024K, 22 young (22528K), 3 survivors (3072K)
 Metaspace       used 167033K, capacity 172567K, committed 172748K, reserved 1200128K
  class space    used 20792K, capacity 22882K, committed 22988K, reserved 1048576K
}
Event: 2857.152 GC heap after
{Heap after GC invocations=231 (full 0):
 garbage-first heap   total 402432K, used 195074K [0x0000000080000000, 0x0000000100000000)
  region size 1024K, 2 young (2048K), 2 survivors (2048K)
 Metaspace       used 167033K, capacity 172567K, committed 172748K, reserved 1200128K
  class space    used 20792K, capacity 22882K, committed 22988K, reserved 1048576K
}
Event: 2875.671 GC heap before
{Heap before GC invocations=232 (full 0):
 garbage-first heap   total 402432K, used 220674K [0x0000000080000000, 0x0000000100000000)
  region size 1024K, 33 young (33792K), 2 survivors (2048K)
 Metaspace       used 167108K, capacity 172662K, committed 173004K, reserved 1200128K
  class space    used 20794K, capacity 22886K, committed 22988K, reserved 1048576K
}
Event: 2875.936 GC heap after
{Heap after GC invocations=233 (full 0):
 garbage-first heap   total 402432K, used 188032K [0x0000000080000000, 0x0000000100000000)
  region size 1024K, 3 young (3072K), 3 survivors (3072K)
 Metaspace       used 167108K, capacity 172662K, committed 173004K, reserved 1200128K
  class space    used 20794K, capacity 22886K, committed 22988K, reserved 1048576K
}
Event: 2878.064 GC heap before
{Heap before GC invocations=233 (full 0):
 garbage-first heap   total 402432K, used 205440K [0x0000000080000000, 0x0000000100000000)
  region size 1024K, 19 young (19456K), 3 survivors (3072K)
 Metaspace       used 167117K, capacity 172663K, committed 173004K, reserved 1200128K
  class space    used 20794K, capacity 22886K, committed 22988K, reserved 1048576K
}
Event: 2878.166 GC heap after
{Heap after GC invocations=234 (full 0):
 garbage-first heap   total 402432K, used 190978K [0x0000000080000000, 0x0000000100000000)
  region size 1024K, 3 young (3072K), 3 survivors (3072K)
 Metaspace       used 167117K, capacity 172663K, committed 173004K, reserved 1200128K
  class space    used 20794K, capacity 22886K, committed 22988K, reserved 1048576K
}
Event: 2879.404 GC heap before
{Heap before GC invocations=234 (full 0):
 garbage-first heap   total 402432K, used 207362K [0x0000000080000000, 0x0000000100000000)
  region size 1024K, 19 young (19456K), 3 survivors (3072K)
 Metaspace       used 167120K, capacity 172664K, committed 173004K, reserved 1200128K
  class space    used 20794K, capacity 22886K, committed 22988K, reserved 1048576K
}
Event: 2879.501 GC heap after
{Heap after GC invocations=235 (full 0):
 garbage-first heap   total 402432K, used 195771K [0x0000000080000000, 0x0000000100000000)
  region size 1024K, 3 young (3072K), 3 survivors (3072K)
 Metaspace       used 167120K, capacity 172664K, committed 173004K, reserved 1200128K
  class space    used 20794K, capacity 22886K, committed 22988K, reserved 1048576K
}
Event: 2880.258 GC heap before
{Heap before GC invocations=235 (full 0):
 garbage-first heap   total 402432K, used 212155K [0x0000000080000000, 0x0000000100000000)
  region size 1024K, 19 young (19456K), 3 survivors (3072K)
 Metaspace       used 167230K, capacity 172920K, committed 173260K, reserved 1200128K
  class space    used 20795K, capacity 22886K, committed 22988K, reserved 1048576K
}

Deoptimization events (20 events):
Event: 2879.600 Thread 0x000001f0b27da800 Uncommon trap: trap_request=0xfffffff4 fr.pc=0x000001f09451477c relative=0x0000000000006abc
Event: 2879.601 Thread 0x000001f0b27da800 Uncommon trap: reason=null_check action=make_not_entrant pc=0x000001f09451477c method=com.sun.tools.javac.util.UnsharedNameTable.fromUtf([BII)Lcom/sun/tools/javac/util/Name; @ 50 c2
Event: 2879.601 Thread 0x000001f0b27da800 DEOPT PACKING pc=0x000001f09451477c sp=0x0000006360ef85b0
Event: 2879.601 Thread 0x000001f0b27da800 DEOPT UNPACKING pc=0x000001f08bdd78af sp=0x0000006360ef8380 mode 2
Event: 2879.606 Thread 0x000001f0b27da800 Uncommon trap: trap_request=0xffffff4d fr.pc=0x000001f093bb2394 relative=0x0000000000005894
Event: 2879.606 Thread 0x000001f0b27da800 Uncommon trap: reason=unstable_if action=reinterpret pc=0x000001f093bb2394 method=com.sun.tools.javac.code.ClassFinder.complete(Lcom/sun/tools/javac/code/Symbol;)V @ 166 c2
Event: 2879.606 Thread 0x000001f0b27da800 DEOPT PACKING pc=0x000001f093bb2394 sp=0x0000006360ef8170
Event: 2879.606 Thread 0x000001f0b27da800 DEOPT UNPACKING pc=0x000001f08bdd78af sp=0x0000006360ef80a8 mode 2
Event: 2879.890 Thread 0x000001f0b27da800 Uncommon trap: trap_request=0xfffffff4 fr.pc=0x000001f094659048 relative=0x0000000000001428
Event: 2879.890 Thread 0x000001f0b27da800 Uncommon trap: reason=null_check action=make_not_entrant pc=0x000001f094659048 method=com.sun.tools.javac.util.UnsharedNameTable.fromUtf([BII)Lcom/sun/tools/javac/util/Name; @ 50 c2
Event: 2879.890 Thread 0x000001f0b27da800 DEOPT PACKING pc=0x000001f094659048 sp=0x0000006360ef8fc0
Event: 2879.891 Thread 0x000001f0b27da800 DEOPT UNPACKING pc=0x000001f08bdd78af sp=0x0000006360ef8e88 mode 2
Event: 2880.240 Thread 0x000001f0b27da800 Uncommon trap: trap_request=0xffffffde fr.pc=0x000001f0948e9db4 relative=0x00000000000049b4
Event: 2880.240 Thread 0x000001f0b27da800 Uncommon trap: reason=class_check action=maybe_recompile pc=0x000001f0948e9db4 method=com.sun.tools.javac.code.Types$MembersClosureCache.visitClassType(Lcom/sun/tools/javac/code/Type$ClassType;Ljava/lang/Void;)Lcom/sun/tools/javac/code/Scope$CompoundScope
Event: 2880.240 Thread 0x000001f0b27da800 DEOPT PACKING pc=0x000001f0948e9db4 sp=0x0000006360ef9430
Event: 2880.242 Thread 0x000001f0b27da800 DEOPT UNPACKING pc=0x000001f08bdd78af sp=0x0000006360ef9270 mode 2
Event: 2880.254 Thread 0x000001f0b27da800 Uncommon trap: trap_request=0xffffffde fr.pc=0x000001f093906b58 relative=0x0000000000000198
Event: 2880.254 Thread 0x000001f0b27da800 Uncommon trap: reason=class_check action=maybe_recompile pc=0x000001f093906b58 method=com.sun.tools.javac.code.Type$ClassType.allparams()Lcom/sun/tools/javac/util/List; @ 16 c2
Event: 2880.254 Thread 0x000001f0b27da800 DEOPT PACKING pc=0x000001f093906b58 sp=0x0000006360ef8520
Event: 2880.254 Thread 0x000001f0b27da800 DEOPT UNPACKING pc=0x000001f08bdd78af sp=0x0000006360ef84d8 mode 2

Classes redefined (0 events):
No events

Internal exceptions (20 events):
Event: 2880.168 Thread 0x000001f0b27da800 Exception <a 'sun/nio/fs/WindowsException'{0x0000000097acca28}> (0x0000000097acca28) thrown at [./src/hotspot/share/prims/jni.cpp, line 615]
Event: 2880.171 Thread 0x000001f0b27da800 Exception <a 'sun/nio/fs/WindowsException'{0x0000000097ad08a8}> (0x0000000097ad08a8) thrown at [./src/hotspot/share/prims/jni.cpp, line 615]
Event: 2880.174 Thread 0x000001f0b27da800 Exception <a 'sun/nio/fs/WindowsException'{0x0000000097ad43d0}> (0x0000000097ad43d0) thrown at [./src/hotspot/share/prims/jni.cpp, line 615]
Event: 2880.208 Thread 0x000001f0b27da800 Exception <a 'sun/nio/fs/WindowsException'{0x0000000097ad82b0}> (0x0000000097ad82b0) thrown at [./src/hotspot/share/prims/jni.cpp, line 615]
Event: 2880.210 Thread 0x000001f0b27da800 Exception <a 'sun/nio/fs/WindowsException'{0x0000000097ae6098}> (0x0000000097ae6098) thrown at [./src/hotspot/share/prims/jni.cpp, line 615]
Event: 2880.213 Thread 0x000001f0b27da800 Exception <a 'sun/nio/fs/WindowsException'{0x0000000097aea070}> (0x0000000097aea070) thrown at [./src/hotspot/share/prims/jni.cpp, line 615]
Event: 2880.232 Thread 0x000001f0b27da800 Exception <a 'sun/nio/fs/WindowsException'{0x0000000097aee280}> (0x0000000097aee280) thrown at [./src/hotspot/share/prims/jni.cpp, line 615]
Event: 2880.235 Thread 0x000001f0b27da800 Exception <a 'sun/nio/fs/WindowsException'{0x0000000097af5e98}> (0x0000000097af5e98) thrown at [./src/hotspot/share/prims/jni.cpp, line 615]
Event: 2880.243 Thread 0x000001f0b27da800 Exception <a 'sun/nio/fs/WindowsException'{0x00000000979290a8}> (0x00000000979290a8) thrown at [./src/hotspot/share/prims/jni.cpp, line 615]
Event: 2880.243 Thread 0x000001f0b27da800 Exception <a 'sun/nio/fs/WindowsException'{0x00000000979291f0}> (0x00000000979291f0) thrown at [./src/hotspot/share/prims/jni.cpp, line 615]
Event: 2880.244 Thread 0x000001f0b27da800 Exception <a 'sun/nio/fs/WindowsException'{0x000000009792bab8}> (0x000000009792bab8) thrown at [./src/hotspot/share/prims/jni.cpp, line 615]
Event: 2880.244 Thread 0x000001f0b27da800 Exception <a 'sun/nio/fs/WindowsException'{0x000000009792bc00}> (0x000000009792bc00) thrown at [./src/hotspot/share/prims/jni.cpp, line 615]
Event: 2880.244 Thread 0x000001f0b27da800 Exception <a 'sun/nio/fs/WindowsException'{0x000000009792e4e0}> (0x000000009792e4e0) thrown at [./src/hotspot/share/prims/jni.cpp, line 615]
Event: 2880.244 Thread 0x000001f0b27da800 Exception <a 'sun/nio/fs/WindowsException'{0x000000009792e638}> (0x000000009792e638) thrown at [./src/hotspot/share/prims/jni.cpp, line 615]
Event: 2880.247 Thread 0x000001f0b27da800 Exception <a 'sun/nio/fs/WindowsException'{0x00000000979a41a8}> (0x00000000979a41a8) thrown at [./src/hotspot/share/prims/jni.cpp, line 615]
Event: 2880.247 Thread 0x000001f0b27da800 Exception <a 'sun/nio/fs/WindowsException'{0x00000000979a42e8}> (0x00000000979a42e8) thrown at [./src/hotspot/share/prims/jni.cpp, line 615]
Event: 2880.248 Thread 0x000001f0b27da800 Exception <a 'sun/nio/fs/WindowsException'{0x00000000979a6b78}> (0x00000000979a6b78) thrown at [./src/hotspot/share/prims/jni.cpp, line 615]
Event: 2880.248 Thread 0x000001f0b27da800 Exception <a 'sun/nio/fs/WindowsException'{0x00000000979a6cb0}> (0x00000000979a6cb0) thrown at [./src/hotspot/share/prims/jni.cpp, line 615]
Event: 2880.248 Thread 0x000001f0b27da800 Exception <a 'sun/nio/fs/WindowsException'{0x00000000979a9560}> (0x00000000979a9560) thrown at [./src/hotspot/share/prims/jni.cpp, line 615]
Event: 2880.248 Thread 0x000001f0b27da800 Exception <a 'sun/nio/fs/WindowsException'{0x00000000979a96b0}> (0x00000000979a96b0) thrown at [./src/hotspot/share/prims/jni.cpp, line 615]

Events (20 events):
Event: 2875.299 Executing VM operation: RevokeBias done
Event: 2875.669 Executing VM operation: G1CollectForAllocation
Event: 2875.936 Executing VM operation: G1CollectForAllocation done
Event: 2875.941 Executing VM operation: RevokeBias
Event: 2875.941 Executing VM operation: RevokeBias done
Event: 2875.941 Executing VM operation: RevokeBias
Event: 2875.942 Executing VM operation: RevokeBias done
Event: 2876.009 Executing VM operation: RevokeBias
Event: 2876.013 Executing VM operation: RevokeBias done
Event: 2876.013 Thread 0x000001f0a6721800 Thread exited: 0x000001f0a6721800
Event: 2878.064 Executing VM operation: G1CollectForAllocation
Event: 2878.166 Executing VM operation: G1CollectForAllocation done
Event: 2879.400 Executing VM operation: G1CollectForAllocation
Event: 2879.501 Executing VM operation: G1CollectForAllocation done
Event: 2879.808 Executing VM operation: ICBufferFull
Event: 2879.809 Executing VM operation: ICBufferFull done
Event: 2879.961 Executing VM operation: ICBufferFull
Event: 2879.963 Executing VM operation: ICBufferFull done
Event: 2880.220 Loaded shared library C:\Program Files\Android\Android Studio\jre\bin\nio.dll
Event: 2880.258 Executing VM operation: G1CollectForAllocation


Dynamic libraries:
0x00007ff772930000 - 0x00007ff77293a000 	C:\Program Files\Android\Android Studio\jre\bin\java.exe
0x00007ffe13fd0000 - 0x00007ffe141c8000 	C:\Windows\SYSTEM32\ntdll.dll
0x00007ffe139a0000 - 0x00007ffe13a5d000 	C:\Windows\System32\KERNEL32.DLL
0x00007ffe11800000 - 0x00007ffe11ace000 	C:\Windows\System32\KERNELBASE.dll
0x00007ffe11b40000 - 0x00007ffe11c40000 	C:\Windows\System32\ucrtbase.dll
0x00007ffded250000 - 0x00007ffded269000 	C:\Program Files\Android\Android Studio\jre\bin\jli.dll
0x00007ffdef9c0000 - 0x00007ffdef9d7000 	C:\Program Files\Android\Android Studio\jre\bin\VCRUNTIME140.dll
0x00007ffe135a0000 - 0x00007ffe13740000 	C:\Windows\System32\USER32.dll
0x00007ffe11d10000 - 0x00007ffe11d32000 	C:\Windows\System32\win32u.dll
0x00007ffe08040000 - 0x00007ffe082da000 	C:\Windows\WinSxS\amd64_microsoft.windows.common-controls_6595b64144ccf1df_6.0.19041.1110_none_60b5254171f9507e\COMCTL32.dll
0x00007ffe13740000 - 0x00007ffe137de000 	C:\Windows\System32\msvcrt.dll
0x00007ffe12a30000 - 0x00007ffe12a5a000 	C:\Windows\System32\GDI32.dll
0x00007ffe116f0000 - 0x00007ffe117fb000 	C:\Windows\System32\gdi32full.dll
0x00007ffe11c40000 - 0x00007ffe11cdd000 	C:\Windows\System32\msvcp_win.dll
0x00007ffe137f0000 - 0x00007ffe13820000 	C:\Windows\System32\IMM32.DLL
0x00007ffdde6b0000 - 0x00007ffdde74d000 	C:\Program Files\Android\Android Studio\jre\bin\msvcp140.dll
0x00007ffdc9d90000 - 0x00007ffdca85f000 	C:\Program Files\Android\Android Studio\jre\bin\server\jvm.dll
0x00007ffe12980000 - 0x00007ffe12a2e000 	C:\Windows\System32\ADVAPI32.dll
0x00007ffe121f0000 - 0x00007ffe1228c000 	C:\Windows\System32\sechost.dll
0x00007ffe13470000 - 0x00007ffe13595000 	C:\Windows\System32\RPCRT4.dll
0x00007ffe123c0000 - 0x00007ffe123c8000 	C:\Windows\System32\PSAPI.DLL
0x00007ffe0c330000 - 0x00007ffe0c339000 	C:\Windows\SYSTEM32\WSOCK32.dll
0x00007ffe13de0000 - 0x00007ffe13e4b000 	C:\Windows\System32\WS2_32.dll
0x00007ffe0bc70000 - 0x00007ffe0bc7a000 	C:\Windows\SYSTEM32\VERSION.dll
0x00007ffdefec0000 - 0x00007ffdefee7000 	C:\Windows\SYSTEM32\WINMM.dll
0x00007ffe0ffd0000 - 0x00007ffe0ffe2000 	C:\Windows\SYSTEM32\kernel.appcore.dll
0x00007ffe0b550000 - 0x00007ffe0b561000 	C:\Program Files\Android\Android Studio\jre\bin\verify.dll
0x00007ffe093f0000 - 0x00007ffe095d4000 	C:\Windows\SYSTEM32\DBGHELP.DLL
0x00007ffe092f0000 - 0x00007ffe0931c000 	C:\Windows\SYSTEM32\dbgcore.DLL
0x00007ffe11fa0000 - 0x00007ffe12022000 	C:\Windows\System32\bcryptPrimitives.dll
0x00007ffe09250000 - 0x00007ffe09279000 	C:\Program Files\Android\Android Studio\jre\bin\java.dll
0x00007ffe0b960000 - 0x00007ffe0b96b000 	C:\Program Files\Android\Android Studio\jre\bin\jimage.dll
0x00007ffe07ec0000 - 0x00007ffe07ed8000 	C:\Program Files\Android\Android Studio\jre\bin\zip.dll
0x00007ffe12c10000 - 0x00007ffe13354000 	C:\Windows\System32\SHELL32.dll
0x00007ffe0f610000 - 0x00007ffe0fda4000 	C:\Windows\SYSTEM32\windows.storage.dll
0x00007ffe13a80000 - 0x00007ffe13dd4000 	C:\Windows\System32\combase.dll
0x00007ffe11150000 - 0x00007ffe11180000 	C:\Windows\SYSTEM32\Wldp.dll
0x00007ffe133c0000 - 0x00007ffe1346d000 	C:\Windows\System32\SHCORE.dll
0x00007ffe13820000 - 0x00007ffe13875000 	C:\Windows\System32\shlwapi.dll
0x00007ffe11630000 - 0x00007ffe1164f000 	C:\Windows\SYSTEM32\profapi.dll
0x00007ffdfaff0000 - 0x00007ffdfb00a000 	C:\Program Files\Android\Android Studio\jre\bin\net.dll
0x00007ffe07630000 - 0x00007ffe0773a000 	C:\Windows\SYSTEM32\WINHTTP.dll
0x00007ffe10eb0000 - 0x00007ffe10f1a000 	C:\Windows\system32\mswsock.dll
0x00007ffdf3180000 - 0x00007ffdf3194000 	C:\Program Files\Android\Android Studio\jre\bin\nio.dll
0x00007ffdf0d50000 - 0x00007ffdf0d77000 	C:\Users\dushk\.gradle\native\8bec1ad78214c89d9ad589b4d07fe93259594b29d510b10fafb7a158f7737e5d\windows-amd64\native-platform.dll
0x00007ffddf040000 - 0x00007ffddf17d000 	C:\Users\dushk\.gradle\native\53dbd7edfb1c66fb8903c78663c9afc45aea4f116125fa6feffd364cf09443e8\windows-amd64\native-platform-file-events.dll
0x00007ffe0ba10000 - 0x00007ffe0ba1a000 	C:\Program Files\Android\Android Studio\jre\bin\management.dll
0x00007ffe0b5c0000 - 0x00007ffe0b5cc000 	C:\Program Files\Android\Android Studio\jre\bin\management_ext.dll
0x00007ffe110a0000 - 0x00007ffe110b8000 	C:\Windows\SYSTEM32\CRYPTSP.dll
0x00007ffe107c0000 - 0x00007ffe107f4000 	C:\Windows\system32\rsaenh.dll
0x00007ffe11ce0000 - 0x00007ffe11d07000 	C:\Windows\System32\bcrypt.dll
0x00007ffe115f0000 - 0x00007ffe1161e000 	C:\Windows\SYSTEM32\USERENV.dll
0x00007ffe110c0000 - 0x00007ffe110cc000 	C:\Windows\SYSTEM32\CRYPTBASE.dll
0x00007ffe10b50000 - 0x00007ffe10b8b000 	C:\Windows\SYSTEM32\IPHLPAPI.DLL
0x00007ffe137e0000 - 0x00007ffe137e8000 	C:\Windows\System32\NSI.dll
0x00007ffe09230000 - 0x00007ffe09247000 	C:\Windows\SYSTEM32\dhcpcsvc6.DLL
0x00007ffe09c70000 - 0x00007ffe09c8d000 	C:\Windows\SYSTEM32\dhcpcsvc.DLL
0x00007ffe10b90000 - 0x00007ffe10c5b000 	C:\Windows\SYSTEM32\DNSAPI.dll
0x00007ffde6e00000 - 0x00007ffde6e1e000 	C:\Users\dushk\AppData\Local\Temp\native-platform15128103306827597132dir\native-platform.dll
0x00007ffdf3100000 - 0x00007ffdf3108000 	C:\Program Files\Android\Android Studio\jre\bin\rmi.dll
0x00007ffdf0d80000 - 0x00007ffdf0da7000 	C:\Program Files\Android\Android Studio\jre\bin\sunec.dll
0x00007ffe07480000 - 0x00007ffe0748a000 	C:\Windows\System32\rasadhlp.dll
0x00007ffe07740000 - 0x00007ffe077c0000 	C:\Windows\System32\fwpuclnt.dll
0x00007ffe103f0000 - 0x00007ffe10423000 	C:\Windows\SYSTEM32\ntmarta.dll

dbghelp: loaded successfully - version: 4.0.5 - missing functions: none
symbol engine: initialized successfully - sym options: 0x614 - pdb path: .;C:\Program Files\Android\Android Studio\jre\bin;C:\Windows\SYSTEM32;C:\Windows\WinSxS\amd64_microsoft.windows.common-controls_6595b64144ccf1df_6.0.19041.1110_none_60b5254171f9507e;C:\Program Files\Android\Android Studio\jre\bin\server;C:\Users\dushk\.gradle\native\8bec1ad78214c89d9ad589b4d07fe93259594b29d510b10fafb7a158f7737e5d\windows-amd64;C:\Users\dushk\.gradle\native\53dbd7edfb1c66fb8903c78663c9afc45aea4f116125fa6feffd364cf09443e8\windows-amd64;C:\Users\dushk\AppData\Local\Temp\native-platform15128103306827597132dir

VM Arguments:
jvm_args: --add-opens=java.base/java.util=ALL-UNNAMED --add-opens=java.base/java.lang=ALL-UNNAMED --add-opens=java.base/java.lang.invoke=ALL-UNNAMED --add-opens=java.base/java.util=ALL-UNNAMED --add-opens=java.prefs/java.util.prefs=ALL-UNNAMED --add-opens=java.prefs/java.util.prefs=ALL-UNNAMED --add-opens=java.base/java.nio.charset=ALL-UNNAMED --add-opens=java.base/java.net=ALL-UNNAMED --add-opens=java.base/java.util.concurrent.atomic=ALL-UNNAMED -Xmx2048m -Dfile.encoding=UTF-8 -Duser.country=RU -Duser.language=ru -Duser.variant 
java_command: org.gradle.launcher.daemon.bootstrap.GradleDaemon 7.0.2
java_class_path (initial): C:\Users\dushk\.gradle\wrapper\dists\gradle-7.0.2-bin\857tjihv64xamwrf0h14cai3r\gradle-7.0.2\lib\gradle-launcher-7.0.2.jar
Launcher Type: SUN_STANDARD

[Global flags]
     intx CICompilerCount                          = 3                                         {product} {ergonomic}
     uint ConcGCThreads                            = 1                                         {product} {ergonomic}
     uint G1ConcRefinementThreads                  = 4                                         {product} {ergonomic}
   size_t G1HeapRegionSize                         = 1048576                                   {product} {ergonomic}
    uintx GCDrainStackTargetSize                   = 64                                        {product} {ergonomic}
   size_t InitialHeapSize                          = 65011712                                  {product} {ergonomic}
   size_t MarkStackSize                            = 4194304                                   {product} {ergonomic}
   size_t MaxHeapSize                              = 2147483648                                {product} {command line}
   size_t MaxNewSize                               = 1287651328                                {product} {ergonomic}
   size_t MinHeapDeltaBytes                        = 1048576                                   {product} {ergonomic}
    uintx NonNMethodCodeHeapSize                   = 5830732                                {pd product} {ergonomic}
    uintx NonProfiledCodeHeapSize                  = 122913754                              {pd product} {ergonomic}
    uintx ProfiledCodeHeapSize                     = 122913754                              {pd product} {ergonomic}
    uintx ReservedCodeCacheSize                    = 251658240                              {pd product} {ergonomic}
     bool SegmentedCodeCache                       = true                                      {product} {ergonomic}
     bool UseCompressedClassPointers               = true                                 {lp64_product} {ergonomic}
     bool UseCompressedOops                        = true                                 {lp64_product} {ergonomic}
     bool UseG1GC                                  = true                                      {product} {ergonomic}
     bool UseLargePagesIndividualAllocation        = false                                  {pd product} {ergonomic}

Logging:
Log output configuration:
 #0: stdout all=warning uptime,level,tags
 #1: stderr all=off uptime,level,tags

Environment Variables:
PATH=C:\Windows\system32;C:\Windows;C:\Windows\System32\Wbem;C:\Windows\System32\WindowsPowerShell\v1.0\;C:\Windows\System32\OpenSSH\;C:\Program Files\Git\cmd;C:\Users\dushk\AppData\Local\Microsoft\WindowsApps;
USERNAME=dushk
OS=Windows_NT
PROCESSOR_IDENTIFIER=Intel64 Family 6 Model 78 Stepping 3, GenuineIntel



---------------  S Y S T E M  ---------------

OS: Windows 10 , 64 bit Build 19041 (10.0.19041.1806)
OS uptime: 15 days 8:47 hours

CPU:total 4 (initial active 4) (2 cores per cpu, 2 threads per core) family 6 model 78 stepping 3 microcode 0xcc, cmov, cx8, fxsr, mmx, sse, sse2, sse3, ssse3, sse4.1, sse4.2, popcnt, avx, avx2, aes, clmul, erms, 3dnowpref, lzcnt, ht, tsc, tscinvbit, bmi1, bmi2, adx, fma

Memory: 4k page, system-wide physical 3960M (70M free)
TotalPageFile size 13939M (AvailPageFile size 65M)
current process WorkingSet (physical memory assigned to process): 195M, peak: 557M
current process commit charge ("private bytes"): 863M, peak: 944M

vm_info: OpenJDK 64-Bit Server VM (11.0.10+0-b96-7249189) for windows-amd64 JRE (11.0.10+0-b96-7249189), built on Mar 31 2021 21:44:00 by "builder" with MS VC++ 14.0 (VS2015)

END.
